Analysis & Synthesis report for PROCESADOR_LCD_REVC
Fri Apr 26 14:48:59 2024
Quartus II 64-Bit Version 13.1.0 Build 162 10/23/2013 SJ Web Edition


---------------------
; Table of Contents ;
---------------------
  1. Legal Notice
  2. Analysis & Synthesis Summary
  3. Analysis & Synthesis Settings
  4. Parallel Compilation
  5. Analysis & Synthesis Source Files Read
  6. Analysis & Synthesis Resource Usage Summary
  7. Analysis & Synthesis Resource Utilization by Entity
  8. State Machine - |PROCESADOR_LCD_REVC|ESTADO
  9. User-Specified and Inferred Latches
 10. Registers Removed During Synthesis
 11. Removed Registers Triggering Further Register Optimizations
 12. General Register Statistics
 13. Inverted Register Statistics
 14. Multiplexer Restructuring Statistics (Restructuring Performed)
 15. Parameter Settings for Inferred Entity Instance: lpm_mult:Mult0
 16. lpm_mult Parameter Settings by Entity Instance
 17. Elapsed Time Per Partition
 18. Analysis & Synthesis Messages



----------------
; Legal Notice ;
----------------
Copyright (C) 1991-2013 Altera Corporation
Your use of Altera Corporation's design tools, logic functions 
and other software and tools, and its AMPP partner logic 
functions, and any output files from any of the foregoing 
(including device programming or simulation files), and any 
associated documentation or information are expressly subject 
to the terms and conditions of the Altera Program License 
Subscription Agreement, Altera MegaCore Function License 
Agreement, or other applicable license agreement, including, 
without limitation, that your use is for the sole purpose of 
programming logic devices manufactured by Altera and sold by 
Altera or its authorized distributors.  Please refer to the 
applicable agreement for further details.



+---------------------------------------------------------------------------------+
; Analysis & Synthesis Summary                                                    ;
+------------------------------------+--------------------------------------------+
; Analysis & Synthesis Status        ; Successful - Fri Apr 26 14:48:59 2024      ;
; Quartus II 64-Bit Version          ; 13.1.0 Build 162 10/23/2013 SJ Web Edition ;
; Revision Name                      ; PROCESADOR_LCD_REVC                        ;
; Top-level Entity Name              ; PROCESADOR_LCD_REVC                        ;
; Family                             ; Cyclone III                                ;
; Total logic elements               ; 785                                        ;
;     Total combinational functions  ; 759                                        ;
;     Dedicated logic registers      ; 202                                        ;
; Total registers                    ; 202                                        ;
; Total pins                         ; 372                                        ;
; Total virtual pins                 ; 0                                          ;
; Total memory bits                  ; 0                                          ;
; Embedded Multiplier 9-bit elements ; 0                                          ;
; Total PLLs                         ; 0                                          ;
+------------------------------------+--------------------------------------------+


+------------------------------------------------------------------------------------------------------------------------+
; Analysis & Synthesis Settings                                                                                          ;
+----------------------------------------------------------------------------+---------------------+---------------------+
; Option                                                                     ; Setting             ; Default Value       ;
+----------------------------------------------------------------------------+---------------------+---------------------+
; Device                                                                     ; EP3C16F484C6        ;                     ;
; Top-level entity name                                                      ; PROCESADOR_LCD_REVC ; PROCESADOR_LCD_REVC ;
; Family name                                                                ; Cyclone III         ; Cyclone IV GX       ;
; Use smart compilation                                                      ; Off                 ; Off                 ;
; Enable parallel Assembler and TimeQuest Timing Analyzer during compilation ; On                  ; On                  ;
; Enable compact report table                                                ; Off                 ; Off                 ;
; Restructure Multiplexers                                                   ; Auto                ; Auto                ;
; Create Debugging Nodes for IP Cores                                        ; Off                 ; Off                 ;
; Preserve fewer node names                                                  ; On                  ; On                  ;
; Disable OpenCore Plus hardware evaluation                                  ; Off                 ; Off                 ;
; Verilog Version                                                            ; Verilog_2001        ; Verilog_2001        ;
; VHDL Version                                                               ; VHDL_1993           ; VHDL_1993           ;
; State Machine Processing                                                   ; Auto                ; Auto                ;
; Safe State Machine                                                         ; Off                 ; Off                 ;
; Extract Verilog State Machines                                             ; On                  ; On                  ;
; Extract VHDL State Machines                                                ; On                  ; On                  ;
; Ignore Verilog initial constructs                                          ; Off                 ; Off                 ;
; Iteration limit for constant Verilog loops                                 ; 5000                ; 5000                ;
; Iteration limit for non-constant Verilog loops                             ; 250                 ; 250                 ;
; Add Pass-Through Logic to Inferred RAMs                                    ; On                  ; On                  ;
; Infer RAMs from Raw Logic                                                  ; On                  ; On                  ;
; Parallel Synthesis                                                         ; On                  ; On                  ;
; DSP Block Balancing                                                        ; Auto                ; Auto                ;
; NOT Gate Push-Back                                                         ; On                  ; On                  ;
; Power-Up Don't Care                                                        ; On                  ; On                  ;
; Remove Redundant Logic Cells                                               ; Off                 ; Off                 ;
; Remove Duplicate Registers                                                 ; On                  ; On                  ;
; Ignore CARRY Buffers                                                       ; Off                 ; Off                 ;
; Ignore CASCADE Buffers                                                     ; Off                 ; Off                 ;
; Ignore GLOBAL Buffers                                                      ; Off                 ; Off                 ;
; Ignore ROW GLOBAL Buffers                                                  ; Off                 ; Off                 ;
; Ignore LCELL Buffers                                                       ; Off                 ; Off                 ;
; Ignore SOFT Buffers                                                        ; On                  ; On                  ;
; Limit AHDL Integers to 32 Bits                                             ; Off                 ; Off                 ;
; Optimization Technique                                                     ; Balanced            ; Balanced            ;
; Carry Chain Length                                                         ; 70                  ; 70                  ;
; Auto Carry Chains                                                          ; On                  ; On                  ;
; Auto Open-Drain Pins                                                       ; On                  ; On                  ;
; Perform WYSIWYG Primitive Resynthesis                                      ; Off                 ; Off                 ;
; Auto ROM Replacement                                                       ; On                  ; On                  ;
; Auto RAM Replacement                                                       ; On                  ; On                  ;
; Auto DSP Block Replacement                                                 ; On                  ; On                  ;
; Auto Shift Register Replacement                                            ; Auto                ; Auto                ;
; Allow Shift Register Merging across Hierarchies                            ; Auto                ; Auto                ;
; Auto Clock Enable Replacement                                              ; On                  ; On                  ;
; Strict RAM Replacement                                                     ; Off                 ; Off                 ;
; Allow Synchronous Control Signals                                          ; On                  ; On                  ;
; Force Use of Synchronous Clear Signals                                     ; Off                 ; Off                 ;
; Auto RAM Block Balancing                                                   ; On                  ; On                  ;
; Auto RAM to Logic Cell Conversion                                          ; Off                 ; Off                 ;
; Auto Resource Sharing                                                      ; Off                 ; Off                 ;
; Allow Any RAM Size For Recognition                                         ; Off                 ; Off                 ;
; Allow Any ROM Size For Recognition                                         ; Off                 ; Off                 ;
; Allow Any Shift Register Size For Recognition                              ; Off                 ; Off                 ;
; Use LogicLock Constraints during Resource Balancing                        ; On                  ; On                  ;
; Ignore translate_off and synthesis_off directives                          ; Off                 ; Off                 ;
; Timing-Driven Synthesis                                                    ; On                  ; On                  ;
; Report Parameter Settings                                                  ; On                  ; On                  ;
; Report Source Assignments                                                  ; On                  ; On                  ;
; Report Connectivity Checks                                                 ; On                  ; On                  ;
; Ignore Maximum Fan-Out Assignments                                         ; Off                 ; Off                 ;
; Synchronization Register Chain Length                                      ; 2                   ; 2                   ;
; PowerPlay Power Optimization                                               ; Normal compilation  ; Normal compilation  ;
; HDL message level                                                          ; Level2              ; Level2              ;
; Suppress Register Optimization Related Messages                            ; Off                 ; Off                 ;
; Number of Removed Registers Reported in Synthesis Report                   ; 5000                ; 5000                ;
; Number of Swept Nodes Reported in Synthesis Report                         ; 5000                ; 5000                ;
; Number of Inverted Registers Reported in Synthesis Report                  ; 100                 ; 100                 ;
; Clock MUX Protection                                                       ; On                  ; On                  ;
; Auto Gated Clock Conversion                                                ; Off                 ; Off                 ;
; Block Design Naming                                                        ; Auto                ; Auto                ;
; SDC constraint protection                                                  ; Off                 ; Off                 ;
; Synthesis Effort                                                           ; Auto                ; Auto                ;
; Shift Register Replacement - Allow Asynchronous Clear Signal               ; On                  ; On                  ;
; Pre-Mapping Resynthesis Optimization                                       ; Off                 ; Off                 ;
; Analysis & Synthesis Message Level                                         ; Medium              ; Medium              ;
; Disable Register Merging Across Hierarchies                                ; Auto                ; Auto                ;
; Resource Aware Inference For Block RAM                                     ; On                  ; On                  ;
; Synthesis Seed                                                             ; 1                   ; 1                   ;
+----------------------------------------------------------------------------+---------------------+---------------------+


+------------------------------------------+
; Parallel Compilation                     ;
+----------------------------+-------------+
; Processors                 ; Number      ;
+----------------------------+-------------+
; Number detected on machine ; 8           ;
; Maximum allowed            ; 4           ;
;                            ;             ;
; Average used               ; 1.00        ;
; Maximum used               ; 2           ;
;                            ;             ;
; Usage by Processor         ; % Time Used ;
;     Processor 1            ; 100.0%      ;
;     Processor 2            ; < 0.1%      ;
;     Processors 3-8         ;   0.0%      ;
+----------------------------+-------------+


+------------------------------------------------------------------------------------------------------------------------------------------------------------------------------------------------------------+
; Analysis & Synthesis Source Files Read                                                                                                                                                                     ;
+----------------------------------+-----------------+------------------------------+--------------------------------------------------------------------------------------------------------------+---------+
; File Name with User-Entered Path ; Used in Netlist ; File Type                    ; File Name with Absolute Path                                                                                 ; Library ;
+----------------------------------+-----------------+------------------------------+--------------------------------------------------------------------------------------------------------------+---------+
; PROCESADOR_LCD_REVC.vhd          ; yes             ; User VHDL File               ; C:/Users/DELL/Documents/VHDL/PARCIAL2-GRUPAL/CarpetaPrincipalLCD/PROCESADOR_LCD_REVC/PROCESADOR_LCD_REVC.vhd ;         ;
; lpm_mult.tdf                     ; yes             ; Megafunction                 ; c:/users/dell/quartus/libraries/megafunctions/lpm_mult.tdf                                                   ;         ;
; aglobal131.inc                   ; yes             ; Megafunction                 ; c:/users/dell/quartus/libraries/megafunctions/aglobal131.inc                                                 ;         ;
; lpm_add_sub.inc                  ; yes             ; Megafunction                 ; c:/users/dell/quartus/libraries/megafunctions/lpm_add_sub.inc                                                ;         ;
; multcore.inc                     ; yes             ; Megafunction                 ; c:/users/dell/quartus/libraries/megafunctions/multcore.inc                                                   ;         ;
; bypassff.inc                     ; yes             ; Megafunction                 ; c:/users/dell/quartus/libraries/megafunctions/bypassff.inc                                                   ;         ;
; altshift.inc                     ; yes             ; Megafunction                 ; c:/users/dell/quartus/libraries/megafunctions/altshift.inc                                                   ;         ;
; multcore.tdf                     ; yes             ; Megafunction                 ; c:/users/dell/quartus/libraries/megafunctions/multcore.tdf                                                   ;         ;
; csa_add.inc                      ; yes             ; Megafunction                 ; c:/users/dell/quartus/libraries/megafunctions/csa_add.inc                                                    ;         ;
; mpar_add.inc                     ; yes             ; Megafunction                 ; c:/users/dell/quartus/libraries/megafunctions/mpar_add.inc                                                   ;         ;
; muleabz.inc                      ; yes             ; Megafunction                 ; c:/users/dell/quartus/libraries/megafunctions/muleabz.inc                                                    ;         ;
; mul_lfrg.inc                     ; yes             ; Megafunction                 ; c:/users/dell/quartus/libraries/megafunctions/mul_lfrg.inc                                                   ;         ;
; mul_boothc.inc                   ; yes             ; Megafunction                 ; c:/users/dell/quartus/libraries/megafunctions/mul_boothc.inc                                                 ;         ;
; alt_ded_mult.inc                 ; yes             ; Megafunction                 ; c:/users/dell/quartus/libraries/megafunctions/alt_ded_mult.inc                                               ;         ;
; alt_ded_mult_y.inc               ; yes             ; Megafunction                 ; c:/users/dell/quartus/libraries/megafunctions/alt_ded_mult_y.inc                                             ;         ;
; dffpipe.inc                      ; yes             ; Megafunction                 ; c:/users/dell/quartus/libraries/megafunctions/dffpipe.inc                                                    ;         ;
; mpar_add.tdf                     ; yes             ; Megafunction                 ; c:/users/dell/quartus/libraries/megafunctions/mpar_add.tdf                                                   ;         ;
; lpm_add_sub.tdf                  ; yes             ; Megafunction                 ; c:/users/dell/quartus/libraries/megafunctions/lpm_add_sub.tdf                                                ;         ;
; addcore.inc                      ; yes             ; Megafunction                 ; c:/users/dell/quartus/libraries/megafunctions/addcore.inc                                                    ;         ;
; look_add.inc                     ; yes             ; Megafunction                 ; c:/users/dell/quartus/libraries/megafunctions/look_add.inc                                                   ;         ;
; alt_stratix_add_sub.inc          ; yes             ; Megafunction                 ; c:/users/dell/quartus/libraries/megafunctions/alt_stratix_add_sub.inc                                        ;         ;
; db/add_sub_bfh.tdf               ; yes             ; Auto-Generated Megafunction  ; C:/Users/DELL/Documents/VHDL/PARCIAL2-GRUPAL/CarpetaPrincipalLCD/PROCESADOR_LCD_REVC/db/add_sub_bfh.tdf      ;         ;
; db/add_sub_ffh.tdf               ; yes             ; Auto-Generated Megafunction  ; C:/Users/DELL/Documents/VHDL/PARCIAL2-GRUPAL/CarpetaPrincipalLCD/PROCESADOR_LCD_REVC/db/add_sub_ffh.tdf      ;         ;
; altshift.tdf                     ; yes             ; Megafunction                 ; c:/users/dell/quartus/libraries/megafunctions/altshift.tdf                                                   ;         ;
+----------------------------------+-----------------+------------------------------+--------------------------------------------------------------------------------------------------------------+---------+


+---------------------------------------------------------+
; Analysis & Synthesis Resource Usage Summary             ;
+---------------------------------------------+-----------+
; Resource                                    ; Usage     ;
+---------------------------------------------+-----------+
; Estimated Total logic elements              ; 785       ;
;                                             ;           ;
; Total combinational functions               ; 759       ;
; Logic element usage by number of LUT inputs ;           ;
;     -- 4 input functions                    ; 457       ;
;     -- 3 input functions                    ; 135       ;
;     -- <=2 input functions                  ; 167       ;
;                                             ;           ;
; Logic elements by mode                      ;           ;
;     -- normal mode                          ; 653       ;
;     -- arithmetic mode                      ; 106       ;
;                                             ;           ;
; Total registers                             ; 202       ;
;     -- Dedicated logic registers            ; 202       ;
;     -- I/O registers                        ; 0         ;
;                                             ;           ;
; I/O pins                                    ; 372       ;
; Embedded Multiplier 9-bit elements          ; 0         ;
; Maximum fan-out node                        ; CLK~input ;
; Maximum fan-out                             ; 202       ;
; Total fan-out                               ; 3570      ;
; Average fan-out                             ; 2.09      ;
+---------------------------------------------+-----------+


+-------------------------------------------------------------------------------------------------------------------------------------------------------------------------------------------------------------------------------------------------------------------------------------------------+
; Analysis & Synthesis Resource Utilization by Entity                                                                                                                                                                                                                                             ;
+---------------------------------------------+-------------------+--------------+-------------+--------------+---------+-----------+------+--------------+------------------------------------------------------------------------------------------------------------------------+--------------+
; Compilation Hierarchy Node                  ; LC Combinationals ; LC Registers ; Memory Bits ; DSP Elements ; DSP 9x9 ; DSP 18x18 ; Pins ; Virtual Pins ; Full Hierarchy Name                                                                                                    ; Library Name ;
+---------------------------------------------+-------------------+--------------+-------------+--------------+---------+-----------+------+--------------+------------------------------------------------------------------------------------------------------------------------+--------------+
; |PROCESADOR_LCD_REVC                        ; 759 (714)         ; 202 (202)    ; 0           ; 0            ; 0       ; 0         ; 372  ; 0            ; |PROCESADOR_LCD_REVC                                                                                                   ; work         ;
;    |lpm_mult:Mult0|                         ; 45 (0)            ; 0 (0)        ; 0           ; 0            ; 0       ; 0         ; 0    ; 0            ; |PROCESADOR_LCD_REVC|lpm_mult:Mult0                                                                                    ; work         ;
;       |multcore:mult_core|                  ; 45 (29)           ; 0 (0)        ; 0           ; 0            ; 0       ; 0         ; 0    ; 0            ; |PROCESADOR_LCD_REVC|lpm_mult:Mult0|multcore:mult_core                                                                 ; work         ;
;          |mpar_add:padder|                  ; 16 (0)            ; 0 (0)        ; 0           ; 0            ; 0       ; 0         ; 0    ; 0            ; |PROCESADOR_LCD_REVC|lpm_mult:Mult0|multcore:mult_core|mpar_add:padder                                                 ; work         ;
;             |lpm_add_sub:adder[0]|          ; 16 (0)            ; 0 (0)        ; 0           ; 0            ; 0       ; 0         ; 0    ; 0            ; |PROCESADOR_LCD_REVC|lpm_mult:Mult0|multcore:mult_core|mpar_add:padder|lpm_add_sub:adder[0]                            ; work         ;
;                |add_sub_bfh:auto_generated| ; 16 (16)           ; 0 (0)        ; 0           ; 0            ; 0       ; 0         ; 0    ; 0            ; |PROCESADOR_LCD_REVC|lpm_mult:Mult0|multcore:mult_core|mpar_add:padder|lpm_add_sub:adder[0]|add_sub_bfh:auto_generated ; work         ;
+---------------------------------------------+-------------------+--------------+-------------+--------------+---------+-----------+------+--------------+------------------------------------------------------------------------------------------------------------------------+--------------+
Note: For table entries with two numbers listed, the numbers in parentheses indicate the number of resources of the given type used by the specific entity alone. The numbers listed outside of parentheses indicate the total resources of the given type used by the specific entity and all of its sub-entities in the hierarchy.


Encoding Type:  One-Hot
+--------------------------------------------------------------------------------------------------------------------------------------------------------------------------------------------------------------------------------------------------------------------------------------------------------------------------------------------------------------------------------------------------------------------------------------------------------------------------------------------------------------------------------------------------------------------------------------------------------------------------------------------------------------------------------------------------------------+
; State Machine - |PROCESADOR_LCD_REVC|ESTADO                                                                                                                                                                                                                                                                                                                                                                                                                                                                                                                                                                                                                                                                  ;
+------------------------------+------------+-------------+-----------------+-------------------------+-----------------+----------------+--------------------+--------------------+--------------------+--------------------+--------------------+--------------------+--------------------+--------------------+----------------+--------------+--------------+------------------------------+----------------------------+------------------+------------------+-------------------+-----------------+-----------------+---------------+---------------------+-----------------------+----------------------+---------------------+--------------------+-------------------+----------------+---------------+
; Name                         ; ESTADO.FIN ; ESTADO.NADA ; ESTADO.LEER_RAM ; ESTADO.LIMPIAR_PANTALLA ; ESTADO.ENA_CHAR ; ESTADO.INT_NUM ; ESTADO.CREAR_CHAR8 ; ESTADO.CREAR_CHAR7 ; ESTADO.CREAR_CHAR6 ; ESTADO.CREAR_CHAR5 ; ESTADO.CREAR_CHAR4 ; ESTADO.CREAR_CHAR3 ; ESTADO.CREAR_CHAR2 ; ESTADO.CREAR_CHAR1 ; ESTADO.POS_RAM ; ESTADO.ENA_I ; ESTADO.ENA_D ; ESTADO.CORRIMIENTO_IZQUIERDA ; ESTADO.CORRIMIENTO_DERECHA ; ESTADO.BUCLE_FIN ; ESTADO.BUCLE_INI ; ESTADO.CHAR_ASCII ; ESTADO.CD_SHIFT ; ESTADO.POSICION ; ESTADO.ENABLE ; ESTADO.ESCRIBIR_LCD ; ESTADO.CLEAR_DISPLAY2 ; ESTADO.CLEAR_DISPLAY ; ESTADO.CURSOR_HOME2 ; ESTADO.CURSOR_HOME ; ESTADO.CURSOR_LCD ; ESTADO.INI_LCD ; ESTADO.CHECAR ;
+------------------------------+------------+-------------+-----------------+-------------------------+-----------------+----------------+--------------------+--------------------+--------------------+--------------------+--------------------+--------------------+--------------------+--------------------+----------------+--------------+--------------+------------------------------+----------------------------+------------------+------------------+-------------------+-----------------+-----------------+---------------+---------------------+-----------------------+----------------------+---------------------+--------------------+-------------------+----------------+---------------+
; ESTADO.CHECAR                ; 0          ; 0           ; 0               ; 0                       ; 0               ; 0              ; 0                  ; 0                  ; 0                  ; 0                  ; 0                  ; 0                  ; 0                  ; 0                  ; 0              ; 0            ; 0            ; 0                            ; 0                          ; 0                ; 0                ; 0                 ; 0               ; 0               ; 0             ; 0                   ; 0                     ; 0                    ; 0                   ; 0                  ; 0                 ; 0              ; 0             ;
; ESTADO.INI_LCD               ; 0          ; 0           ; 0               ; 0                       ; 0               ; 0              ; 0                  ; 0                  ; 0                  ; 0                  ; 0                  ; 0                  ; 0                  ; 0                  ; 0              ; 0            ; 0            ; 0                            ; 0                          ; 0                ; 0                ; 0                 ; 0               ; 0               ; 0             ; 0                   ; 0                     ; 0                    ; 0                   ; 0                  ; 0                 ; 1              ; 1             ;
; ESTADO.CURSOR_LCD            ; 0          ; 0           ; 0               ; 0                       ; 0               ; 0              ; 0                  ; 0                  ; 0                  ; 0                  ; 0                  ; 0                  ; 0                  ; 0                  ; 0              ; 0            ; 0            ; 0                            ; 0                          ; 0                ; 0                ; 0                 ; 0               ; 0               ; 0             ; 0                   ; 0                     ; 0                    ; 0                   ; 0                  ; 1                 ; 0              ; 1             ;
; ESTADO.CURSOR_HOME           ; 0          ; 0           ; 0               ; 0                       ; 0               ; 0              ; 0                  ; 0                  ; 0                  ; 0                  ; 0                  ; 0                  ; 0                  ; 0                  ; 0              ; 0            ; 0            ; 0                            ; 0                          ; 0                ; 0                ; 0                 ; 0               ; 0               ; 0             ; 0                   ; 0                     ; 0                    ; 0                   ; 1                  ; 0                 ; 0              ; 1             ;
; ESTADO.CURSOR_HOME2          ; 0          ; 0           ; 0               ; 0                       ; 0               ; 0              ; 0                  ; 0                  ; 0                  ; 0                  ; 0                  ; 0                  ; 0                  ; 0                  ; 0              ; 0            ; 0            ; 0                            ; 0                          ; 0                ; 0                ; 0                 ; 0               ; 0               ; 0             ; 0                   ; 0                     ; 0                    ; 1                   ; 0                  ; 0                 ; 0              ; 1             ;
; ESTADO.CLEAR_DISPLAY         ; 0          ; 0           ; 0               ; 0                       ; 0               ; 0              ; 0                  ; 0                  ; 0                  ; 0                  ; 0                  ; 0                  ; 0                  ; 0                  ; 0              ; 0            ; 0            ; 0                            ; 0                          ; 0                ; 0                ; 0                 ; 0               ; 0               ; 0             ; 0                   ; 0                     ; 1                    ; 0                   ; 0                  ; 0                 ; 0              ; 1             ;
; ESTADO.CLEAR_DISPLAY2        ; 0          ; 0           ; 0               ; 0                       ; 0               ; 0              ; 0                  ; 0                  ; 0                  ; 0                  ; 0                  ; 0                  ; 0                  ; 0                  ; 0              ; 0            ; 0            ; 0                            ; 0                          ; 0                ; 0                ; 0                 ; 0               ; 0               ; 0             ; 0                   ; 1                     ; 0                    ; 0                   ; 0                  ; 0                 ; 0              ; 1             ;
; ESTADO.ESCRIBIR_LCD          ; 0          ; 0           ; 0               ; 0                       ; 0               ; 0              ; 0                  ; 0                  ; 0                  ; 0                  ; 0                  ; 0                  ; 0                  ; 0                  ; 0              ; 0            ; 0            ; 0                            ; 0                          ; 0                ; 0                ; 0                 ; 0               ; 0               ; 0             ; 1                   ; 0                     ; 0                    ; 0                   ; 0                  ; 0                 ; 0              ; 1             ;
; ESTADO.ENABLE                ; 0          ; 0           ; 0               ; 0                       ; 0               ; 0              ; 0                  ; 0                  ; 0                  ; 0                  ; 0                  ; 0                  ; 0                  ; 0                  ; 0              ; 0            ; 0            ; 0                            ; 0                          ; 0                ; 0                ; 0                 ; 0               ; 0               ; 1             ; 0                   ; 0                     ; 0                    ; 0                   ; 0                  ; 0                 ; 0              ; 1             ;
; ESTADO.POSICION              ; 0          ; 0           ; 0               ; 0                       ; 0               ; 0              ; 0                  ; 0                  ; 0                  ; 0                  ; 0                  ; 0                  ; 0                  ; 0                  ; 0              ; 0            ; 0            ; 0                            ; 0                          ; 0                ; 0                ; 0                 ; 0               ; 1               ; 0             ; 0                   ; 0                     ; 0                    ; 0                   ; 0                  ; 0                 ; 0              ; 1             ;
; ESTADO.CD_SHIFT              ; 0          ; 0           ; 0               ; 0                       ; 0               ; 0              ; 0                  ; 0                  ; 0                  ; 0                  ; 0                  ; 0                  ; 0                  ; 0                  ; 0              ; 0            ; 0            ; 0                            ; 0                          ; 0                ; 0                ; 0                 ; 1               ; 0               ; 0             ; 0                   ; 0                     ; 0                    ; 0                   ; 0                  ; 0                 ; 0              ; 1             ;
; ESTADO.CHAR_ASCII            ; 0          ; 0           ; 0               ; 0                       ; 0               ; 0              ; 0                  ; 0                  ; 0                  ; 0                  ; 0                  ; 0                  ; 0                  ; 0                  ; 0              ; 0            ; 0            ; 0                            ; 0                          ; 0                ; 0                ; 1                 ; 0               ; 0               ; 0             ; 0                   ; 0                     ; 0                    ; 0                   ; 0                  ; 0                 ; 0              ; 1             ;
; ESTADO.BUCLE_INI             ; 0          ; 0           ; 0               ; 0                       ; 0               ; 0              ; 0                  ; 0                  ; 0                  ; 0                  ; 0                  ; 0                  ; 0                  ; 0                  ; 0              ; 0            ; 0            ; 0                            ; 0                          ; 0                ; 1                ; 0                 ; 0               ; 0               ; 0             ; 0                   ; 0                     ; 0                    ; 0                   ; 0                  ; 0                 ; 0              ; 1             ;
; ESTADO.BUCLE_FIN             ; 0          ; 0           ; 0               ; 0                       ; 0               ; 0              ; 0                  ; 0                  ; 0                  ; 0                  ; 0                  ; 0                  ; 0                  ; 0                  ; 0              ; 0            ; 0            ; 0                            ; 0                          ; 1                ; 0                ; 0                 ; 0               ; 0               ; 0             ; 0                   ; 0                     ; 0                    ; 0                   ; 0                  ; 0                 ; 0              ; 1             ;
; ESTADO.CORRIMIENTO_DERECHA   ; 0          ; 0           ; 0               ; 0                       ; 0               ; 0              ; 0                  ; 0                  ; 0                  ; 0                  ; 0                  ; 0                  ; 0                  ; 0                  ; 0              ; 0            ; 0            ; 0                            ; 1                          ; 0                ; 0                ; 0                 ; 0               ; 0               ; 0             ; 0                   ; 0                     ; 0                    ; 0                   ; 0                  ; 0                 ; 0              ; 1             ;
; ESTADO.CORRIMIENTO_IZQUIERDA ; 0          ; 0           ; 0               ; 0                       ; 0               ; 0              ; 0                  ; 0                  ; 0                  ; 0                  ; 0                  ; 0                  ; 0                  ; 0                  ; 0              ; 0            ; 0            ; 1                            ; 0                          ; 0                ; 0                ; 0                 ; 0               ; 0               ; 0             ; 0                   ; 0                     ; 0                    ; 0                   ; 0                  ; 0                 ; 0              ; 1             ;
; ESTADO.ENA_D                 ; 0          ; 0           ; 0               ; 0                       ; 0               ; 0              ; 0                  ; 0                  ; 0                  ; 0                  ; 0                  ; 0                  ; 0                  ; 0                  ; 0              ; 0            ; 1            ; 0                            ; 0                          ; 0                ; 0                ; 0                 ; 0               ; 0               ; 0             ; 0                   ; 0                     ; 0                    ; 0                   ; 0                  ; 0                 ; 0              ; 1             ;
; ESTADO.ENA_I                 ; 0          ; 0           ; 0               ; 0                       ; 0               ; 0              ; 0                  ; 0                  ; 0                  ; 0                  ; 0                  ; 0                  ; 0                  ; 0                  ; 0              ; 1            ; 0            ; 0                            ; 0                          ; 0                ; 0                ; 0                 ; 0               ; 0               ; 0             ; 0                   ; 0                     ; 0                    ; 0                   ; 0                  ; 0                 ; 0              ; 1             ;
; ESTADO.POS_RAM               ; 0          ; 0           ; 0               ; 0                       ; 0               ; 0              ; 0                  ; 0                  ; 0                  ; 0                  ; 0                  ; 0                  ; 0                  ; 0                  ; 1              ; 0            ; 0            ; 0                            ; 0                          ; 0                ; 0                ; 0                 ; 0               ; 0               ; 0             ; 0                   ; 0                     ; 0                    ; 0                   ; 0                  ; 0                 ; 0              ; 1             ;
; ESTADO.CREAR_CHAR1           ; 0          ; 0           ; 0               ; 0                       ; 0               ; 0              ; 0                  ; 0                  ; 0                  ; 0                  ; 0                  ; 0                  ; 0                  ; 1                  ; 0              ; 0            ; 0            ; 0                            ; 0                          ; 0                ; 0                ; 0                 ; 0               ; 0               ; 0             ; 0                   ; 0                     ; 0                    ; 0                   ; 0                  ; 0                 ; 0              ; 1             ;
; ESTADO.CREAR_CHAR2           ; 0          ; 0           ; 0               ; 0                       ; 0               ; 0              ; 0                  ; 0                  ; 0                  ; 0                  ; 0                  ; 0                  ; 1                  ; 0                  ; 0              ; 0            ; 0            ; 0                            ; 0                          ; 0                ; 0                ; 0                 ; 0               ; 0               ; 0             ; 0                   ; 0                     ; 0                    ; 0                   ; 0                  ; 0                 ; 0              ; 1             ;
; ESTADO.CREAR_CHAR3           ; 0          ; 0           ; 0               ; 0                       ; 0               ; 0              ; 0                  ; 0                  ; 0                  ; 0                  ; 0                  ; 1                  ; 0                  ; 0                  ; 0              ; 0            ; 0            ; 0                            ; 0                          ; 0                ; 0                ; 0                 ; 0               ; 0               ; 0             ; 0                   ; 0                     ; 0                    ; 0                   ; 0                  ; 0                 ; 0              ; 1             ;
; ESTADO.CREAR_CHAR4           ; 0          ; 0           ; 0               ; 0                       ; 0               ; 0              ; 0                  ; 0                  ; 0                  ; 0                  ; 1                  ; 0                  ; 0                  ; 0                  ; 0              ; 0            ; 0            ; 0                            ; 0                          ; 0                ; 0                ; 0                 ; 0               ; 0               ; 0             ; 0                   ; 0                     ; 0                    ; 0                   ; 0                  ; 0                 ; 0              ; 1             ;
; ESTADO.CREAR_CHAR5           ; 0          ; 0           ; 0               ; 0                       ; 0               ; 0              ; 0                  ; 0                  ; 0                  ; 1                  ; 0                  ; 0                  ; 0                  ; 0                  ; 0              ; 0            ; 0            ; 0                            ; 0                          ; 0                ; 0                ; 0                 ; 0               ; 0               ; 0             ; 0                   ; 0                     ; 0                    ; 0                   ; 0                  ; 0                 ; 0              ; 1             ;
; ESTADO.CREAR_CHAR6           ; 0          ; 0           ; 0               ; 0                       ; 0               ; 0              ; 0                  ; 0                  ; 1                  ; 0                  ; 0                  ; 0                  ; 0                  ; 0                  ; 0              ; 0            ; 0            ; 0                            ; 0                          ; 0                ; 0                ; 0                 ; 0               ; 0               ; 0             ; 0                   ; 0                     ; 0                    ; 0                   ; 0                  ; 0                 ; 0              ; 1             ;
; ESTADO.CREAR_CHAR7           ; 0          ; 0           ; 0               ; 0                       ; 0               ; 0              ; 0                  ; 1                  ; 0                  ; 0                  ; 0                  ; 0                  ; 0                  ; 0                  ; 0              ; 0            ; 0            ; 0                            ; 0                          ; 0                ; 0                ; 0                 ; 0               ; 0               ; 0             ; 0                   ; 0                     ; 0                    ; 0                   ; 0                  ; 0                 ; 0              ; 1             ;
; ESTADO.CREAR_CHAR8           ; 0          ; 0           ; 0               ; 0                       ; 0               ; 0              ; 1                  ; 0                  ; 0                  ; 0                  ; 0                  ; 0                  ; 0                  ; 0                  ; 0              ; 0            ; 0            ; 0                            ; 0                          ; 0                ; 0                ; 0                 ; 0               ; 0               ; 0             ; 0                   ; 0                     ; 0                    ; 0                   ; 0                  ; 0                 ; 0              ; 1             ;
; ESTADO.INT_NUM               ; 0          ; 0           ; 0               ; 0                       ; 0               ; 1              ; 0                  ; 0                  ; 0                  ; 0                  ; 0                  ; 0                  ; 0                  ; 0                  ; 0              ; 0            ; 0            ; 0                            ; 0                          ; 0                ; 0                ; 0                 ; 0               ; 0               ; 0             ; 0                   ; 0                     ; 0                    ; 0                   ; 0                  ; 0                 ; 0              ; 1             ;
; ESTADO.ENA_CHAR              ; 0          ; 0           ; 0               ; 0                       ; 1               ; 0              ; 0                  ; 0                  ; 0                  ; 0                  ; 0                  ; 0                  ; 0                  ; 0                  ; 0              ; 0            ; 0            ; 0                            ; 0                          ; 0                ; 0                ; 0                 ; 0               ; 0               ; 0             ; 0                   ; 0                     ; 0                    ; 0                   ; 0                  ; 0                 ; 0              ; 1             ;
; ESTADO.LIMPIAR_PANTALLA      ; 0          ; 0           ; 0               ; 1                       ; 0               ; 0              ; 0                  ; 0                  ; 0                  ; 0                  ; 0                  ; 0                  ; 0                  ; 0                  ; 0              ; 0            ; 0            ; 0                            ; 0                          ; 0                ; 0                ; 0                 ; 0               ; 0               ; 0             ; 0                   ; 0                     ; 0                    ; 0                   ; 0                  ; 0                 ; 0              ; 1             ;
; ESTADO.LEER_RAM              ; 0          ; 0           ; 1               ; 0                       ; 0               ; 0              ; 0                  ; 0                  ; 0                  ; 0                  ; 0                  ; 0                  ; 0                  ; 0                  ; 0              ; 0            ; 0            ; 0                            ; 0                          ; 0                ; 0                ; 0                 ; 0               ; 0               ; 0             ; 0                   ; 0                     ; 0                    ; 0                   ; 0                  ; 0                 ; 0              ; 1             ;
; ESTADO.NADA                  ; 0          ; 1           ; 0               ; 0                       ; 0               ; 0              ; 0                  ; 0                  ; 0                  ; 0                  ; 0                  ; 0                  ; 0                  ; 0                  ; 0              ; 0            ; 0            ; 0                            ; 0                          ; 0                ; 0                ; 0                 ; 0               ; 0               ; 0             ; 0                   ; 0                     ; 0                    ; 0                   ; 0                  ; 0                 ; 0              ; 1             ;
; ESTADO.FIN                   ; 1          ; 0           ; 0               ; 0                       ; 0               ; 0              ; 0                  ; 0                  ; 0                  ; 0                  ; 0                  ; 0                  ; 0                  ; 0                  ; 0              ; 0            ; 0            ; 0                            ; 0                          ; 0                ; 0                ; 0                 ; 0               ; 0               ; 0             ; 0                   ; 0                     ; 0                    ; 0                   ; 0                  ; 0                 ; 0              ; 1             ;
+------------------------------+------------+-------------+-----------------+-------------------------+-----------------+----------------+--------------------+--------------------+--------------------+--------------------+--------------------+--------------------+--------------------+--------------------+----------------+--------------+--------------+------------------------------+----------------------------+------------------+------------------+-------------------+-----------------+-----------------+---------------+---------------------+-----------------------+----------------------+---------------------+--------------------+-------------------+----------------+---------------+


+---------------------------------------------------------------------------------------------------+
; User-Specified and Inferred Latches                                                               ;
+----------------------------------------------------+---------------------+------------------------+
; Latch Name                                         ; Latch Enable Signal ; Free of Timing Hazards ;
+----------------------------------------------------+---------------------+------------------------+
; DATA_A[0]                                          ; DATA_A[6]           ; yes                    ;
; DATA_A[1]                                          ; DATA_A[6]           ; yes                    ;
; DATA_A[2]                                          ; DATA_A[6]           ; yes                    ;
; DATA_A[3]                                          ; DATA_A[6]           ; yes                    ;
; DATA_A[4]                                          ; DATA_A[6]           ; yes                    ;
; DATA_A[5]                                          ; DATA_A[6]           ; yes                    ;
; DATA_A[6]                                          ; DATA_A[6]           ; yes                    ;
; DATA_A[7]                                          ; DATA_A[6]           ; yes                    ;
; Number of user-specified and inferred latches = 8  ;                     ;                        ;
+----------------------------------------------------+---------------------+------------------------+
Note: All latches listed above may not be present at the end of synthesis due to various synthesis optimizations.


+---------------------------------------------------------------------------------+
; Registers Removed During Synthesis                                              ;
+----------------------------------------+----------------------------------------+
; Register name                          ; Reason for Removal                     ;
+----------------------------------------+----------------------------------------+
; DELAY_COR2[26..30]                     ; Stuck at GND due to stuck port data_in ;
; RW~reg0                                ; Stuck at GND due to stuck port data_in ;
; BD_LCD[5]~reg0                         ; Merged with BD_LCD[4]~reg0             ;
; BD_LCD[6]~reg0                         ; Merged with BD_LCD[4]~reg0             ;
; BD_LCD[7]~reg0                         ; Merged with BD_LCD[4]~reg0             ;
; VEC_RAM[1,2,7]                         ; Merged with VEC_RAM[0]                 ;
; VEC_SHIFT[1,5..7]                      ; Merged with VEC_SHIFT[0]               ;
; VEC_L_RAM[4..7]                        ; Merged with VEC_L_RAM[3]               ;
; VEC_SHIFT[0]                           ; Stuck at GND due to stuck port data_in ;
; DELAY_COR2[1..3]                       ; Stuck at GND due to stuck port data_in ;
; VEC_RAM[0]                             ; Stuck at GND due to stuck port data_in ;
; VEC_RAM[6]                             ; Stuck at VCC due to stuck port data_in ;
; ESTADO.ENABLE                          ; Merged with ESTADO.CLEAR_DISPLAY2      ;
; ESTADO.INT_NUM                         ; Merged with ESTADO.CLEAR_DISPLAY2      ;
; ESTADO.CLEAR_DISPLAY2                  ; Stuck at GND due to stuck port data_in ;
; BD_LCD[4]~reg0                         ; Stuck at GND due to stuck port data_in ;
; ESTADO.ENA_CHAR                        ; Stuck at GND due to stuck port data_in ;
; VEC_L_RAM[3]                           ; Stuck at GND due to stuck port data_in ;
; Total Number of Removed Registers = 32 ;                                        ;
+----------------------------------------+----------------------------------------+


+--------------------------------------------------------------------------------------------+
; Removed Registers Triggering Further Register Optimizations                                ;
+-----------------------+---------------------------+----------------------------------------+
; Register name         ; Reason for Removal        ; Registers Removed due to This Register ;
+-----------------------+---------------------------+----------------------------------------+
; ESTADO.CLEAR_DISPLAY2 ; Stuck at GND              ; BD_LCD[4]~reg0                         ;
;                       ; due to stuck port data_in ;                                        ;
+-----------------------+---------------------------+----------------------------------------+


+------------------------------------------------------+
; General Register Statistics                          ;
+----------------------------------------------+-------+
; Statistic                                    ; Value ;
+----------------------------------------------+-------+
; Total registers                              ; 202   ;
; Number of registers using Synchronous Clear  ; 0     ;
; Number of registers using Synchronous Load   ; 24    ;
; Number of registers using Asynchronous Clear ; 0     ;
; Number of registers using Asynchronous Load  ; 0     ;
; Number of registers using Clock Enable       ; 166   ;
; Number of registers using Preset             ; 0     ;
+----------------------------------------------+-------+


+--------------------------------------------------+
; Inverted Register Statistics                     ;
+----------------------------------------+---------+
; Inverted Register                      ; Fan out ;
+----------------------------------------+---------+
; DELAY_COR2[0]                          ; 1       ;
; CONTA_DELAY_COR[0]                     ; 2       ;
; DELAY_COR2[31]                         ; 1       ;
; CONTA_DELAY_COR[31]                    ; 2       ;
; Total number of inverted registers = 4 ;         ;
+----------------------------------------+---------+


+--------------------------------------------------------------------------------------------------------------------------------------------------------+
; Multiplexer Restructuring Statistics (Restructuring Performed)                                                                                         ;
+--------------------+-----------+---------------+----------------------+------------------------+------------+------------------------------------------+
; Multiplexer Inputs ; Bus Width ; Baseline Area ; Area if Restructured ; Saving if Restructured ; Registered ; Example Multiplexer Output               ;
+--------------------+-----------+---------------+----------------------+------------------------+------------+------------------------------------------+
; 3:1                ; 16 bits   ; 32 LEs        ; 16 LEs               ; 16 LEs                 ; Yes        ; |PROCESADOR_LCD_REVC|CONTA_DELAY[10]     ;
; 3:1                ; 30 bits   ; 60 LEs        ; 30 LEs               ; 30 LEs                 ; Yes        ; |PROCESADOR_LCD_REVC|CONTA_DELAY_COR[24] ;
; 3:1                ; 2 bits    ; 4 LEs         ; 0 LEs                ; 4 LEs                  ; Yes        ; |PROCESADOR_LCD_REVC|VEC_POS[1]          ;
; 3:1                ; 6 bits    ; 12 LEs        ; 6 LEs                ; 6 LEs                  ; Yes        ; |PROCESADOR_LCD_REVC|VEC_POS[5]          ;
; 3:1                ; 7 bits    ; 14 LEs        ; 14 LEs               ; 0 LEs                  ; Yes        ; |PROCESADOR_LCD_REVC|VEC_CHAR[5]         ;
; 5:1                ; 3 bits    ; 9 LEs         ; 6 LEs                ; 3 LEs                  ; Yes        ; |PROCESADOR_LCD_REVC|VEC_SHIFT[2]        ;
; 5:1                ; 11 bits   ; 33 LEs        ; 11 LEs               ; 22 LEs                 ; Yes        ; |PROCESADOR_LCD_REVC|INC_DIR_S[10]       ;
; 17:1               ; 5 bits    ; 55 LEs        ; 50 LEs               ; 5 LEs                  ; Yes        ; |PROCESADOR_LCD_REVC|VEC_RAM[5]          ;
; 17:1               ; 40 bits   ; 440 LEs       ; 200 LEs              ; 240 LEs                ; Yes        ; |PROCESADOR_LCD_REVC|VEC_C_CHAR[24]      ;
; 3:1                ; 2 bits    ; 4 LEs         ; 2 LEs                ; 2 LEs                  ; Yes        ; |PROCESADOR_LCD_REVC|CONTA_DELAY_COR[0]  ;
; 4:1                ; 44 bits   ; 88 LEs        ; 88 LEs               ; 0 LEs                  ; No         ; |PROCESADOR_LCD_REVC|ESTADO              ;
; 11:1               ; 3 bits    ; 21 LEs        ; 15 LEs               ; 6 LEs                  ; No         ; |PROCESADOR_LCD_REVC|DATA_A[7]           ;
; 19:1               ; 2 bits    ; 24 LEs        ; 20 LEs               ; 4 LEs                  ; No         ; |PROCESADOR_LCD_REVC|DATA_A[0]           ;
; 19:1               ; 3 bits    ; 36 LEs        ; 36 LEs               ; 0 LEs                  ; No         ; |PROCESADOR_LCD_REVC|DATA_A[4]           ;
; 22:1               ; 3 bits    ; 42 LEs        ; 21 LEs               ; 21 LEs                 ; No         ; |PROCESADOR_LCD_REVC|DATA                ;
; 22:1               ; 3 bits    ; 42 LEs        ; 39 LEs               ; 3 LEs                  ; No         ; |PROCESADOR_LCD_REVC|DATA                ;
+--------------------+-----------+---------------+----------------------+------------------------+------------+------------------------------------------+


+------------------------------------------------------------------------------------+
; Parameter Settings for Inferred Entity Instance: lpm_mult:Mult0                    ;
+------------------------------------------------+-------------+---------------------+
; Parameter Name                                 ; Value       ; Type                ;
+------------------------------------------------+-------------+---------------------+
; AUTO_CARRY_CHAINS                              ; ON          ; AUTO_CARRY          ;
; IGNORE_CARRY_BUFFERS                           ; OFF         ; IGNORE_CARRY        ;
; AUTO_CASCADE_CHAINS                            ; ON          ; AUTO_CASCADE        ;
; IGNORE_CASCADE_BUFFERS                         ; OFF         ; IGNORE_CASCADE      ;
; LPM_WIDTHA                                     ; 10          ; Untyped             ;
; LPM_WIDTHB                                     ; 16          ; Untyped             ;
; LPM_WIDTHP                                     ; 26          ; Untyped             ;
; LPM_WIDTHR                                     ; 26          ; Untyped             ;
; LPM_WIDTHS                                     ; 1           ; Untyped             ;
; LPM_REPRESENTATION                             ; UNSIGNED    ; Untyped             ;
; LPM_PIPELINE                                   ; 0           ; Untyped             ;
; LATENCY                                        ; 0           ; Untyped             ;
; INPUT_A_IS_CONSTANT                            ; NO          ; Untyped             ;
; INPUT_B_IS_CONSTANT                            ; YES         ; Untyped             ;
; USE_EAB                                        ; OFF         ; Untyped             ;
; MAXIMIZE_SPEED                                 ; 6           ; Untyped             ;
; DEVICE_FAMILY                                  ; Cyclone III ; Untyped             ;
; CARRY_CHAIN                                    ; MANUAL      ; Untyped             ;
; APEX20K_TECHNOLOGY_MAPPER                      ; LUT         ; TECH_MAPPER_APEX20K ;
; DEDICATED_MULTIPLIER_CIRCUITRY                 ; AUTO        ; Untyped             ;
; DEDICATED_MULTIPLIER_MIN_INPUT_WIDTH_FOR_AUTO  ; 0           ; Untyped             ;
; DEDICATED_MULTIPLIER_MIN_OUTPUT_WIDTH_FOR_AUTO ; 0           ; Untyped             ;
; CBXI_PARAMETER                                 ; NOTHING     ; Untyped             ;
; INPUT_A_FIXED_VALUE                            ; Bx          ; Untyped             ;
; INPUT_B_FIXED_VALUE                            ; Bx          ; Untyped             ;
; USE_AHDL_IMPLEMENTATION                        ; OFF         ; Untyped             ;
+------------------------------------------------+-------------+---------------------+
Note: In order to hide this table in the UI and the text report file, please set the "Show Parameter Settings in Synthesis Report" option in "Analysis and Synthesis Settings -> More Settings" to "Off".


+--------------------------------------------------------+
; lpm_mult Parameter Settings by Entity Instance         ;
+---------------------------------------+----------------+
; Name                                  ; Value          ;
+---------------------------------------+----------------+
; Number of entity instances            ; 1              ;
; Entity Instance                       ; lpm_mult:Mult0 ;
;     -- LPM_WIDTHA                     ; 10             ;
;     -- LPM_WIDTHB                     ; 16             ;
;     -- LPM_WIDTHP                     ; 26             ;
;     -- LPM_REPRESENTATION             ; UNSIGNED       ;
;     -- INPUT_A_IS_CONSTANT            ; NO             ;
;     -- INPUT_B_IS_CONSTANT            ; YES            ;
;     -- USE_EAB                        ; OFF            ;
;     -- DEDICATED_MULTIPLIER_CIRCUITRY ; AUTO           ;
;     -- INPUT_A_FIXED_VALUE            ; Bx             ;
;     -- INPUT_B_FIXED_VALUE            ; Bx             ;
+---------------------------------------+----------------+


+-------------------------------+
; Elapsed Time Per Partition    ;
+----------------+--------------+
; Partition Name ; Elapsed Time ;
+----------------+--------------+
; Top            ; 00:00:03     ;
+----------------+--------------+


+-------------------------------+
; Analysis & Synthesis Messages ;
+-------------------------------+
Info: *******************************************************************
Info: Running Quartus II 64-Bit Analysis & Synthesis
    Info: Version 13.1.0 Build 162 10/23/2013 SJ Web Edition
    Info: Processing started: Fri Apr 26 14:48:54 2024
Info: Command: quartus_map --read_settings_files=on --write_settings_files=off PROCESADOR_LCD_REVC -c PROCESADOR_LCD_REVC
Info (11104): Parallel Compilation has detected 8 hyper-threaded processors. However, the extra hyper-threaded processors will not be used by default. Parallel Compilation will use 4 of the 4 physical processors detected instead.
Info (12021): Found 2 design units, including 1 entities, in source file procesador_lcd_revc.vhd
    Info (12022): Found design unit 1: PROCESADOR_LCD_REVC-Behavioral
    Info (12023): Found entity 1: PROCESADOR_LCD_REVC
Info (12127): Elaborating entity "PROCESADOR_LCD_REVC" for the top level hierarchy
Warning (10036): Verilog HDL or VHDL warning at PROCESADOR_LCD_REVC.vhd(48): object "VEC_S_CHAR" assigned a value but never read
Warning (10492): VHDL Process Statement warning at PROCESADOR_LCD_REVC.vhd(789): signal "VECTOR_MEM" is read inside the Process Statement but isn't in the Process Statement's sensitivity list
Warning (10492): VHDL Process Statement warning at PROCESADOR_LCD_REVC.vhd(791): signal "VECTOR_MEM" is read inside the Process Statement but isn't in the Process Statement's sensitivity list
Warning (10492): VHDL Process Statement warning at PROCESADOR_LCD_REVC.vhd(793): signal "VECTOR_MEM" is read inside the Process Statement but isn't in the Process Statement's sensitivity list
Warning (10492): VHDL Process Statement warning at PROCESADOR_LCD_REVC.vhd(808): signal "VEC_CHAR" is read inside the Process Statement but isn't in the Process Statement's sensitivity list
Warning (10492): VHDL Process Statement warning at PROCESADOR_LCD_REVC.vhd(809): signal "VEC_CHAR" is read inside the Process Statement but isn't in the Process Statement's sensitivity list
Warning (10492): VHDL Process Statement warning at PROCESADOR_LCD_REVC.vhd(811): signal "VEC_POS" is read inside the Process Statement but isn't in the Process Statement's sensitivity list
Warning (10492): VHDL Process Statement warning at PROCESADOR_LCD_REVC.vhd(812): signal "VEC_POS" is read inside the Process Statement but isn't in the Process Statement's sensitivity list
Warning (10492): VHDL Process Statement warning at PROCESADOR_LCD_REVC.vhd(814): signal "VEC_SHIFT" is read inside the Process Statement but isn't in the Process Statement's sensitivity list
Warning (10492): VHDL Process Statement warning at PROCESADOR_LCD_REVC.vhd(815): signal "VEC_SHIFT" is read inside the Process Statement but isn't in the Process Statement's sensitivity list
Warning (10492): VHDL Process Statement warning at PROCESADOR_LCD_REVC.vhd(817): signal "VEC_ASCII" is read inside the Process Statement but isn't in the Process Statement's sensitivity list
Warning (10492): VHDL Process Statement warning at PROCESADOR_LCD_REVC.vhd(818): signal "VEC_ASCII" is read inside the Process Statement but isn't in the Process Statement's sensitivity list
Warning (10492): VHDL Process Statement warning at PROCESADOR_LCD_REVC.vhd(826): signal "VEC_RAM" is read inside the Process Statement but isn't in the Process Statement's sensitivity list
Warning (10492): VHDL Process Statement warning at PROCESADOR_LCD_REVC.vhd(827): signal "VEC_RAM" is read inside the Process Statement but isn't in the Process Statement's sensitivity list
Warning (10492): VHDL Process Statement warning at PROCESADOR_LCD_REVC.vhd(830): signal "VEC_C_CHAR" is read inside the Process Statement but isn't in the Process Statement's sensitivity list
Warning (10492): VHDL Process Statement warning at PROCESADOR_LCD_REVC.vhd(831): signal "VEC_C_CHAR" is read inside the Process Statement but isn't in the Process Statement's sensitivity list
Warning (10492): VHDL Process Statement warning at PROCESADOR_LCD_REVC.vhd(834): signal "VEC_C_CHAR" is read inside the Process Statement but isn't in the Process Statement's sensitivity list
Warning (10492): VHDL Process Statement warning at PROCESADOR_LCD_REVC.vhd(835): signal "VEC_C_CHAR" is read inside the Process Statement but isn't in the Process Statement's sensitivity list
Warning (10492): VHDL Process Statement warning at PROCESADOR_LCD_REVC.vhd(838): signal "VEC_C_CHAR" is read inside the Process Statement but isn't in the Process Statement's sensitivity list
Warning (10492): VHDL Process Statement warning at PROCESADOR_LCD_REVC.vhd(839): signal "VEC_C_CHAR" is read inside the Process Statement but isn't in the Process Statement's sensitivity list
Warning (10492): VHDL Process Statement warning at PROCESADOR_LCD_REVC.vhd(842): signal "VEC_C_CHAR" is read inside the Process Statement but isn't in the Process Statement's sensitivity list
Warning (10492): VHDL Process Statement warning at PROCESADOR_LCD_REVC.vhd(843): signal "VEC_C_CHAR" is read inside the Process Statement but isn't in the Process Statement's sensitivity list
Warning (10492): VHDL Process Statement warning at PROCESADOR_LCD_REVC.vhd(846): signal "VEC_C_CHAR" is read inside the Process Statement but isn't in the Process Statement's sensitivity list
Warning (10492): VHDL Process Statement warning at PROCESADOR_LCD_REVC.vhd(847): signal "VEC_C_CHAR" is read inside the Process Statement but isn't in the Process Statement's sensitivity list
Warning (10492): VHDL Process Statement warning at PROCESADOR_LCD_REVC.vhd(850): signal "VEC_C_CHAR" is read inside the Process Statement but isn't in the Process Statement's sensitivity list
Warning (10492): VHDL Process Statement warning at PROCESADOR_LCD_REVC.vhd(851): signal "VEC_C_CHAR" is read inside the Process Statement but isn't in the Process Statement's sensitivity list
Warning (10492): VHDL Process Statement warning at PROCESADOR_LCD_REVC.vhd(854): signal "VEC_C_CHAR" is read inside the Process Statement but isn't in the Process Statement's sensitivity list
Warning (10492): VHDL Process Statement warning at PROCESADOR_LCD_REVC.vhd(855): signal "VEC_C_CHAR" is read inside the Process Statement but isn't in the Process Statement's sensitivity list
Warning (10492): VHDL Process Statement warning at PROCESADOR_LCD_REVC.vhd(858): signal "VEC_C_CHAR" is read inside the Process Statement but isn't in the Process Statement's sensitivity list
Warning (10492): VHDL Process Statement warning at PROCESADOR_LCD_REVC.vhd(859): signal "VEC_C_CHAR" is read inside the Process Statement but isn't in the Process Statement's sensitivity list
Warning (10492): VHDL Process Statement warning at PROCESADOR_LCD_REVC.vhd(862): signal "VEC_L_RAM" is read inside the Process Statement but isn't in the Process Statement's sensitivity list
Warning (10492): VHDL Process Statement warning at PROCESADOR_LCD_REVC.vhd(863): signal "VEC_L_RAM" is read inside the Process Statement but isn't in the Process Statement's sensitivity list
Warning (10492): VHDL Process Statement warning at PROCESADOR_LCD_REVC.vhd(866): signal "DATA_A" is read inside the Process Statement but isn't in the Process Statement's sensitivity list
Warning (10631): VHDL Process Statement warning at PROCESADOR_LCD_REVC.vhd(786): inferring latch(es) for signal or variable "DATA_A", which holds its previous value in one or more paths through the process
Info (10041): Inferred latch for "DATA_A[0]" at PROCESADOR_LCD_REVC.vhd(786)
Info (10041): Inferred latch for "DATA_A[1]" at PROCESADOR_LCD_REVC.vhd(786)
Info (10041): Inferred latch for "DATA_A[2]" at PROCESADOR_LCD_REVC.vhd(786)
Info (10041): Inferred latch for "DATA_A[3]" at PROCESADOR_LCD_REVC.vhd(786)
Info (10041): Inferred latch for "DATA_A[4]" at PROCESADOR_LCD_REVC.vhd(786)
Info (10041): Inferred latch for "DATA_A[5]" at PROCESADOR_LCD_REVC.vhd(786)
Info (10041): Inferred latch for "DATA_A[6]" at PROCESADOR_LCD_REVC.vhd(786)
Info (10041): Inferred latch for "DATA_A[7]" at PROCESADOR_LCD_REVC.vhd(786)
Info (278001): Inferred 1 megafunctions from design logic
    Info (278003): Inferred multiplier megafunction ("lpm_mult") from the following logic: "Mult0"
Info (12130): Elaborated megafunction instantiation "lpm_mult:Mult0"
Info (12133): Instantiated megafunction "lpm_mult:Mult0" with the following parameter:
    Info (12134): Parameter "LPM_WIDTHA" = "10"
    Info (12134): Parameter "LPM_WIDTHB" = "16"
    Info (12134): Parameter "LPM_WIDTHP" = "26"
    Info (12134): Parameter "LPM_WIDTHR" = "26"
    Info (12134): Parameter "LPM_WIDTHS" = "1"
    Info (12134): Parameter "LPM_REPRESENTATION" = "UNSIGNED"
    Info (12134): Parameter "INPUT_A_IS_CONSTANT" = "NO"
    Info (12134): Parameter "INPUT_B_IS_CONSTANT" = "YES"
    Info (12134): Parameter "MAXIMIZE_SPEED" = "6"
Info (12131): Elaborated megafunction instantiation "lpm_mult:Mult0|multcore:mult_core", which is child of megafunction instantiation "lpm_mult:Mult0"
Info (12131): Elaborated megafunction instantiation "lpm_mult:Mult0|multcore:mult_core|mpar_add:padder", which is child of megafunction instantiation "lpm_mult:Mult0"
Info (12131): Elaborated megafunction instantiation "lpm_mult:Mult0|multcore:mult_core|mpar_add:padder|lpm_add_sub:adder[0]", which is child of megafunction instantiation "lpm_mult:Mult0"
Info (12021): Found 1 design units, including 1 entities, in source file db/add_sub_bfh.tdf
    Info (12023): Found entity 1: add_sub_bfh
Info (12131): Elaborated megafunction instantiation "lpm_mult:Mult0|multcore:mult_core|mpar_add:padder|mpar_add:sub_par_add", which is child of megafunction instantiation "lpm_mult:Mult0"
Info (12131): Elaborated megafunction instantiation "lpm_mult:Mult0|multcore:mult_core|mpar_add:padder|mpar_add:sub_par_add|lpm_add_sub:adder[0]", which is child of megafunction instantiation "lpm_mult:Mult0"
Info (12021): Found 1 design units, including 1 entities, in source file db/add_sub_ffh.tdf
    Info (12023): Found entity 1: add_sub_ffh
Info (12131): Elaborated megafunction instantiation "lpm_mult:Mult0|altshift:external_latency_ffs", which is child of megafunction instantiation "lpm_mult:Mult0"
Warning (13012): Latch DATA_A[0] has unsafe behavior
    Warning (13013): Ports D and ENA on the latch are fed by the same signal ESTADO.CLEAR_DISPLAY
Warning (13012): Latch DATA_A[1] has unsafe behavior
    Warning (13013): Ports D and ENA on the latch are fed by the same signal ESTADO.CLEAR_DISPLAY
Warning (13012): Latch DATA_A[2] has unsafe behavior
    Warning (13013): Ports D and ENA on the latch are fed by the same signal ESTADO.CLEAR_DISPLAY
Warning (13012): Latch DATA_A[3] has unsafe behavior
    Warning (13013): Ports D and ENA on the latch are fed by the same signal ESTADO.CLEAR_DISPLAY
Warning (13012): Latch DATA_A[4] has unsafe behavior
    Warning (13013): Ports D and ENA on the latch are fed by the same signal ESTADO.CLEAR_DISPLAY
Warning (13012): Latch DATA_A[5] has unsafe behavior
    Warning (13013): Ports D and ENA on the latch are fed by the same signal ESTADO.CLEAR_DISPLAY
Warning (13012): Latch DATA_A[6] has unsafe behavior
    Warning (13013): Ports D and ENA on the latch are fed by the same signal ESTADO.CLEAR_DISPLAY
Warning (13012): Latch DATA_A[7] has unsafe behavior
    Warning (13013): Ports D and ENA on the latch are fed by the same signal ESTADO.CLEAR_DISPLAY
Warning (13024): Output pins are stuck at VCC or GND
    Warning (13410): Pin "RW" is stuck at GND
    Warning (13410): Pin "BD_LCD[4]" is stuck at GND
    Warning (13410): Pin "BD_LCD[5]" is stuck at GND
    Warning (13410): Pin "BD_LCD[6]" is stuck at GND
    Warning (13410): Pin "BD_LCD[7]" is stuck at GND
Info (286030): Timing-Driven Synthesis is running
Info (16010): Generating hard_block partition "hard_block:auto_generated_inst"
    Info (16011): Adding 0 node(s), including 0 DDIO, 0 PLL, 0 transceiver and 0 LCELL
Info (21057): Implemented 1158 device resources after synthesis - the final resource count might be different
    Info (21058): Implemented 342 input pins
    Info (21059): Implemented 30 output pins
    Info (21061): Implemented 786 logic cells
Info: Quartus II 64-Bit Analysis & Synthesis was successful. 0 errors, 56 warnings
    Info: Peak virtual memory: 4697 megabytes
    Info: Processing ended: Fri Apr 26 14:48:59 2024
    Info: Elapsed time: 00:00:05
    Info: Total CPU time (on all processors): 00:00:02


