Analysis & Synthesis report for LIB_LCD_INTESC_REVC
Fri Apr 26 15:37:08 2024
Quartus II 64-Bit Version 13.1.0 Build 162 10/23/2013 SJ Web Edition


---------------------
; Table of Contents ;
---------------------
  1. Legal Notice
  2. Analysis & Synthesis Summary
  3. Analysis & Synthesis Settings
  4. Parallel Compilation
  5. Analysis & Synthesis Source Files Read
  6. Analysis & Synthesis Resource Usage Summary
  7. Analysis & Synthesis Resource Utilization by Entity
  8. State Machine - |LIB_LCD_INTESC_REVC|PROCESADOR_LCD_REVC:U1|ESTADO
  9. User-Specified and Inferred Latches
 10. Registers Removed During Synthesis
 11. Removed Registers Triggering Further Register Optimizations
 12. General Register Statistics
 13. Inverted Register Statistics
 14. Multiplexer Restructuring Statistics (Restructuring Performed)
 15. Port Connectivity Checks: "PROCESADOR_LCD_REVC:U1"
 16. Elapsed Time Per Partition
 17. Analysis & Synthesis Messages



----------------
; Legal Notice ;
----------------
Copyright (C) 1991-2013 Altera Corporation
Your use of Altera Corporation's design tools, logic functions 
and other software and tools, and its AMPP partner logic 
functions, and any output files from any of the foregoing 
(including device programming or simulation files), and any 
associated documentation or information are expressly subject 
to the terms and conditions of the Altera Program License 
Subscription Agreement, Altera MegaCore Function License 
Agreement, or other applicable license agreement, including, 
without limitation, that your use is for the sole purpose of 
programming logic devices manufactured by Altera and sold by 
Altera or its authorized distributors.  Please refer to the 
applicable agreement for further details.



+---------------------------------------------------------------------------------+
; Analysis & Synthesis Summary                                                    ;
+------------------------------------+--------------------------------------------+
; Analysis & Synthesis Status        ; Successful - Fri Apr 26 15:37:08 2024      ;
; Quartus II 64-Bit Version          ; 13.1.0 Build 162 10/23/2013 SJ Web Edition ;
; Revision Name                      ; LIB_LCD_INTESC_REVC                        ;
; Top-level Entity Name              ; LIB_LCD_INTESC_REVC                        ;
; Family                             ; Cyclone III                                ;
; Total logic elements               ; 327                                        ;
;     Total combinational functions  ; 320                                        ;
;     Dedicated logic registers      ; 107                                        ;
; Total registers                    ; 107                                        ;
; Total pins                         ; 22                                         ;
; Total virtual pins                 ; 0                                          ;
; Total memory bits                  ; 0                                          ;
; Embedded Multiplier 9-bit elements ; 0                                          ;
; Total PLLs                         ; 0                                          ;
+------------------------------------+--------------------------------------------+


+------------------------------------------------------------------------------------------------------------------------+
; Analysis & Synthesis Settings                                                                                          ;
+----------------------------------------------------------------------------+---------------------+---------------------+
; Option                                                                     ; Setting             ; Default Value       ;
+----------------------------------------------------------------------------+---------------------+---------------------+
; Device                                                                     ; EP3C16F484C6        ;                     ;
; Top-level entity name                                                      ; LIB_LCD_INTESC_REVC ; LIB_LCD_INTESC_REVC ;
; Family name                                                                ; Cyclone III         ; Cyclone IV GX       ;
; Use smart compilation                                                      ; Off                 ; Off                 ;
; Enable parallel Assembler and TimeQuest Timing Analyzer during compilation ; On                  ; On                  ;
; Enable compact report table                                                ; Off                 ; Off                 ;
; Restructure Multiplexers                                                   ; Auto                ; Auto                ;
; Create Debugging Nodes for IP Cores                                        ; Off                 ; Off                 ;
; Preserve fewer node names                                                  ; On                  ; On                  ;
; Disable OpenCore Plus hardware evaluation                                  ; Off                 ; Off                 ;
; Verilog Version                                                            ; Verilog_2001        ; Verilog_2001        ;
; VHDL Version                                                               ; VHDL_1993           ; VHDL_1993           ;
; State Machine Processing                                                   ; Auto                ; Auto                ;
; Safe State Machine                                                         ; Off                 ; Off                 ;
; Extract Verilog State Machines                                             ; On                  ; On                  ;
; Extract VHDL State Machines                                                ; On                  ; On                  ;
; Ignore Verilog initial constructs                                          ; Off                 ; Off                 ;
; Iteration limit for constant Verilog loops                                 ; 5000                ; 5000                ;
; Iteration limit for non-constant Verilog loops                             ; 250                 ; 250                 ;
; Add Pass-Through Logic to Inferred RAMs                                    ; On                  ; On                  ;
; Infer RAMs from Raw Logic                                                  ; On                  ; On                  ;
; Parallel Synthesis                                                         ; On                  ; On                  ;
; DSP Block Balancing                                                        ; Auto                ; Auto                ;
; NOT Gate Push-Back                                                         ; On                  ; On                  ;
; Power-Up Don't Care                                                        ; On                  ; On                  ;
; Remove Redundant Logic Cells                                               ; Off                 ; Off                 ;
; Remove Duplicate Registers                                                 ; On                  ; On                  ;
; Ignore CARRY Buffers                                                       ; Off                 ; Off                 ;
; Ignore CASCADE Buffers                                                     ; Off                 ; Off                 ;
; Ignore GLOBAL Buffers                                                      ; Off                 ; Off                 ;
; Ignore ROW GLOBAL Buffers                                                  ; Off                 ; Off                 ;
; Ignore LCELL Buffers                                                       ; Off                 ; Off                 ;
; Ignore SOFT Buffers                                                        ; On                  ; On                  ;
; Limit AHDL Integers to 32 Bits                                             ; Off                 ; Off                 ;
; Optimization Technique                                                     ; Balanced            ; Balanced            ;
; Carry Chain Length                                                         ; 70                  ; 70                  ;
; Auto Carry Chains                                                          ; On                  ; On                  ;
; Auto Open-Drain Pins                                                       ; On                  ; On                  ;
; Perform WYSIWYG Primitive Resynthesis                                      ; Off                 ; Off                 ;
; Auto ROM Replacement                                                       ; On                  ; On                  ;
; Auto RAM Replacement                                                       ; On                  ; On                  ;
; Auto DSP Block Replacement                                                 ; On                  ; On                  ;
; Auto Shift Register Replacement                                            ; Auto                ; Auto                ;
; Allow Shift Register Merging across Hierarchies                            ; Auto                ; Auto                ;
; Auto Clock Enable Replacement                                              ; On                  ; On                  ;
; Strict RAM Replacement                                                     ; Off                 ; Off                 ;
; Allow Synchronous Control Signals                                          ; On                  ; On                  ;
; Force Use of Synchronous Clear Signals                                     ; Off                 ; Off                 ;
; Auto RAM Block Balancing                                                   ; On                  ; On                  ;
; Auto RAM to Logic Cell Conversion                                          ; Off                 ; Off                 ;
; Auto Resource Sharing                                                      ; Off                 ; Off                 ;
; Allow Any RAM Size For Recognition                                         ; Off                 ; Off                 ;
; Allow Any ROM Size For Recognition                                         ; Off                 ; Off                 ;
; Allow Any Shift Register Size For Recognition                              ; Off                 ; Off                 ;
; Use LogicLock Constraints during Resource Balancing                        ; On                  ; On                  ;
; Ignore translate_off and synthesis_off directives                          ; Off                 ; Off                 ;
; Timing-Driven Synthesis                                                    ; On                  ; On                  ;
; Report Parameter Settings                                                  ; On                  ; On                  ;
; Report Source Assignments                                                  ; On                  ; On                  ;
; Report Connectivity Checks                                                 ; On                  ; On                  ;
; Ignore Maximum Fan-Out Assignments                                         ; Off                 ; Off                 ;
; Synchronization Register Chain Length                                      ; 2                   ; 2                   ;
; PowerPlay Power Optimization                                               ; Normal compilation  ; Normal compilation  ;
; HDL message level                                                          ; Level2              ; Level2              ;
; Suppress Register Optimization Related Messages                            ; Off                 ; Off                 ;
; Number of Removed Registers Reported in Synthesis Report                   ; 5000                ; 5000                ;
; Number of Swept Nodes Reported in Synthesis Report                         ; 5000                ; 5000                ;
; Number of Inverted Registers Reported in Synthesis Report                  ; 100                 ; 100                 ;
; Clock MUX Protection                                                       ; On                  ; On                  ;
; Auto Gated Clock Conversion                                                ; Off                 ; Off                 ;
; Block Design Naming                                                        ; Auto                ; Auto                ;
; SDC constraint protection                                                  ; Off                 ; Off                 ;
; Synthesis Effort                                                           ; Auto                ; Auto                ;
; Shift Register Replacement - Allow Asynchronous Clear Signal               ; On                  ; On                  ;
; Pre-Mapping Resynthesis Optimization                                       ; Off                 ; Off                 ;
; Analysis & Synthesis Message Level                                         ; Medium              ; Medium              ;
; Disable Register Merging Across Hierarchies                                ; Auto                ; Auto                ;
; Resource Aware Inference For Block RAM                                     ; On                  ; On                  ;
; Synthesis Seed                                                             ; 1                   ; 1                   ;
+----------------------------------------------------------------------------+---------------------+---------------------+


+------------------------------------------+
; Parallel Compilation                     ;
+----------------------------+-------------+
; Processors                 ; Number      ;
+----------------------------+-------------+
; Number detected on machine ; 8           ;
; Maximum allowed            ; 4           ;
;                            ;             ;
; Average used               ; 1.00        ;
; Maximum used               ; 1           ;
;                            ;             ;
; Usage by Processor         ; % Time Used ;
;     Processor 1            ; 100.0%      ;
;     Processors 2-8         ;   0.0%      ;
+----------------------------+-------------+


+-----------------------------------------------------------------------------------------------------------------------------------------------------------------------------------------------------------------------------------------+
; Analysis & Synthesis Source Files Read                                                                                                                                                                                                  ;
+--------------------------------------------------------------+-----------------+-----------------+----------------------------------------------------------------------------------------------------------------------------+---------+
; File Name with User-Entered Path                             ; Used in Netlist ; File Type       ; File Name with Absolute Path                                                                                               ; Library ;
+--------------------------------------------------------------+-----------------+-----------------+----------------------------------------------------------------------------------------------------------------------------+---------+
; ../PROCESADOR_LCD_REVC/PROCESADOR_LCD_REVC.vhd               ; yes             ; User VHDL File  ; C:/Users/DELL/Documents/VHDL/PARCIAL2-GRUPAL/CarpetaPrincipalLCD/PROCESADOR_LCD_REVC/PROCESADOR_LCD_REVC.vhd               ;         ;
; ../CARACTERES_ESPECIALES_REVC/CARACTERES_ESPECIALES_REVC.vhd ; yes             ; User VHDL File  ; C:/Users/DELL/Documents/VHDL/PARCIAL2-GRUPAL/CarpetaPrincipalLCD/CARACTERES_ESPECIALES_REVC/CARACTERES_ESPECIALES_REVC.vhd ;         ;
; ../COMANDOS_LCD_REVC/COMANDOS_LCD_REVC.vhd                   ; yes             ; User VHDL File  ; C:/Users/DELL/Documents/VHDL/PARCIAL2-GRUPAL/CarpetaPrincipalLCD/COMANDOS_LCD_REVC/COMANDOS_LCD_REVC.vhd                   ;         ;
; LIB_LCD_INTESC_REVC.vhd                                      ; yes             ; User VHDL File  ; C:/Users/DELL/Documents/VHDL/PARCIAL2-GRUPAL/CarpetaPrincipalLCD/LIB_LCD_INTESC_REVC/LIB_LCD_INTESC_REVC.vhd               ;         ;
+--------------------------------------------------------------+-----------------+-----------------+----------------------------------------------------------------------------------------------------------------------------+---------+


+---------------------------------------------------------+
; Analysis & Synthesis Resource Usage Summary             ;
+---------------------------------------------+-----------+
; Resource                                    ; Usage     ;
+---------------------------------------------+-----------+
; Estimated Total logic elements              ; 327       ;
;                                             ;           ;
; Total combinational functions               ; 320       ;
; Logic element usage by number of LUT inputs ;           ;
;     -- 4 input functions                    ; 170       ;
;     -- 3 input functions                    ; 65        ;
;     -- <=2 input functions                  ; 85        ;
;                                             ;           ;
; Logic elements by mode                      ;           ;
;     -- normal mode                          ; 256       ;
;     -- arithmetic mode                      ; 64        ;
;                                             ;           ;
; Total registers                             ; 107       ;
;     -- Dedicated logic registers            ; 107       ;
;     -- I/O registers                        ; 0         ;
;                                             ;           ;
; I/O pins                                    ; 22        ;
; Embedded Multiplier 9-bit elements          ; 0         ;
; Maximum fan-out node                        ; CLK~input ;
; Maximum fan-out                             ; 107       ;
; Total fan-out                               ; 1389      ;
; Average fan-out                             ; 2.95      ;
+---------------------------------------------+-----------+


+------------------------------------------------------------------------------------------------------------------------------------------------------------------------------------------------------+
; Analysis & Synthesis Resource Utilization by Entity                                                                                                                                                  ;
+-----------------------------+-------------------+--------------+-------------+--------------+---------+-----------+------+--------------+---------------------------------------------+--------------+
; Compilation Hierarchy Node  ; LC Combinationals ; LC Registers ; Memory Bits ; DSP Elements ; DSP 9x9 ; DSP 18x18 ; Pins ; Virtual Pins ; Full Hierarchy Name                         ; Library Name ;
+-----------------------------+-------------------+--------------+-------------+--------------+---------+-----------+------+--------------+---------------------------------------------+--------------+
; |LIB_LCD_INTESC_REVC        ; 320 (20)          ; 107 (0)      ; 0           ; 0            ; 0       ; 0         ; 22   ; 0            ; |LIB_LCD_INTESC_REVC                        ; work         ;
;    |PROCESADOR_LCD_REVC:U1| ; 300 (300)         ; 107 (107)    ; 0           ; 0            ; 0       ; 0         ; 0    ; 0            ; |LIB_LCD_INTESC_REVC|PROCESADOR_LCD_REVC:U1 ; work         ;
+-----------------------------+-------------------+--------------+-------------+--------------+---------+-----------+------+--------------+---------------------------------------------+--------------+
Note: For table entries with two numbers listed, the numbers in parentheses indicate the number of resources of the given type used by the specific entity alone. The numbers listed outside of parentheses indicate the total resources of the given type used by the specific entity and all of its sub-entities in the hierarchy.


Encoding Type:  One-Hot
+--------------------------------------------------------------------------------------------------------------------------------------------------------------------------------------------------------------------------------------------------------------------------------------------------------------------------------------------------------------------------------------------------------------------------------------------------------------------------------------------------------------------------------------------------------------------------------------------------------------------------------------------------------------------------------------------------------------+
; State Machine - |LIB_LCD_INTESC_REVC|PROCESADOR_LCD_REVC:U1|ESTADO                                                                                                                                                                                                                                                                                                                                                                                                                                                                                                                                                                                                                                           ;
+------------------------------+------------+-------------+-----------------+-------------------------+-----------------+----------------+--------------------+--------------------+--------------------+--------------------+--------------------+--------------------+--------------------+--------------------+----------------+--------------+--------------+------------------------------+----------------------------+------------------+------------------+-------------------+-----------------+-----------------+---------------+---------------------+-----------------------+----------------------+---------------------+--------------------+-------------------+----------------+---------------+
; Name                         ; ESTADO.FIN ; ESTADO.NADA ; ESTADO.LEER_RAM ; ESTADO.LIMPIAR_PANTALLA ; ESTADO.ENA_CHAR ; ESTADO.INT_NUM ; ESTADO.CREAR_CHAR8 ; ESTADO.CREAR_CHAR7 ; ESTADO.CREAR_CHAR6 ; ESTADO.CREAR_CHAR5 ; ESTADO.CREAR_CHAR4 ; ESTADO.CREAR_CHAR3 ; ESTADO.CREAR_CHAR2 ; ESTADO.CREAR_CHAR1 ; ESTADO.POS_RAM ; ESTADO.ENA_I ; ESTADO.ENA_D ; ESTADO.CORRIMIENTO_IZQUIERDA ; ESTADO.CORRIMIENTO_DERECHA ; ESTADO.BUCLE_FIN ; ESTADO.BUCLE_INI ; ESTADO.CHAR_ASCII ; ESTADO.CD_SHIFT ; ESTADO.POSICION ; ESTADO.ENABLE ; ESTADO.ESCRIBIR_LCD ; ESTADO.CLEAR_DISPLAY2 ; ESTADO.CLEAR_DISPLAY ; ESTADO.CURSOR_HOME2 ; ESTADO.CURSOR_HOME ; ESTADO.CURSOR_LCD ; ESTADO.INI_LCD ; ESTADO.CHECAR ;
+------------------------------+------------+-------------+-----------------+-------------------------+-----------------+----------------+--------------------+--------------------+--------------------+--------------------+--------------------+--------------------+--------------------+--------------------+----------------+--------------+--------------+------------------------------+----------------------------+------------------+------------------+-------------------+-----------------+-----------------+---------------+---------------------+-----------------------+----------------------+---------------------+--------------------+-------------------+----------------+---------------+
; ESTADO.CHECAR                ; 0          ; 0           ; 0               ; 0                       ; 0               ; 0              ; 0                  ; 0                  ; 0                  ; 0                  ; 0                  ; 0                  ; 0                  ; 0                  ; 0              ; 0            ; 0            ; 0                            ; 0                          ; 0                ; 0                ; 0                 ; 0               ; 0               ; 0             ; 0                   ; 0                     ; 0                    ; 0                   ; 0                  ; 0                 ; 0              ; 0             ;
; ESTADO.INI_LCD               ; 0          ; 0           ; 0               ; 0                       ; 0               ; 0              ; 0                  ; 0                  ; 0                  ; 0                  ; 0                  ; 0                  ; 0                  ; 0                  ; 0              ; 0            ; 0            ; 0                            ; 0                          ; 0                ; 0                ; 0                 ; 0               ; 0               ; 0             ; 0                   ; 0                     ; 0                    ; 0                   ; 0                  ; 0                 ; 1              ; 1             ;
; ESTADO.CURSOR_LCD            ; 0          ; 0           ; 0               ; 0                       ; 0               ; 0              ; 0                  ; 0                  ; 0                  ; 0                  ; 0                  ; 0                  ; 0                  ; 0                  ; 0              ; 0            ; 0            ; 0                            ; 0                          ; 0                ; 0                ; 0                 ; 0               ; 0               ; 0             ; 0                   ; 0                     ; 0                    ; 0                   ; 0                  ; 1                 ; 0              ; 1             ;
; ESTADO.CURSOR_HOME           ; 0          ; 0           ; 0               ; 0                       ; 0               ; 0              ; 0                  ; 0                  ; 0                  ; 0                  ; 0                  ; 0                  ; 0                  ; 0                  ; 0              ; 0            ; 0            ; 0                            ; 0                          ; 0                ; 0                ; 0                 ; 0               ; 0               ; 0             ; 0                   ; 0                     ; 0                    ; 0                   ; 1                  ; 0                 ; 0              ; 1             ;
; ESTADO.CURSOR_HOME2          ; 0          ; 0           ; 0               ; 0                       ; 0               ; 0              ; 0                  ; 0                  ; 0                  ; 0                  ; 0                  ; 0                  ; 0                  ; 0                  ; 0              ; 0            ; 0            ; 0                            ; 0                          ; 0                ; 0                ; 0                 ; 0               ; 0               ; 0             ; 0                   ; 0                     ; 0                    ; 1                   ; 0                  ; 0                 ; 0              ; 1             ;
; ESTADO.CLEAR_DISPLAY         ; 0          ; 0           ; 0               ; 0                       ; 0               ; 0              ; 0                  ; 0                  ; 0                  ; 0                  ; 0                  ; 0                  ; 0                  ; 0                  ; 0              ; 0            ; 0            ; 0                            ; 0                          ; 0                ; 0                ; 0                 ; 0               ; 0               ; 0             ; 0                   ; 0                     ; 1                    ; 0                   ; 0                  ; 0                 ; 0              ; 1             ;
; ESTADO.CLEAR_DISPLAY2        ; 0          ; 0           ; 0               ; 0                       ; 0               ; 0              ; 0                  ; 0                  ; 0                  ; 0                  ; 0                  ; 0                  ; 0                  ; 0                  ; 0              ; 0            ; 0            ; 0                            ; 0                          ; 0                ; 0                ; 0                 ; 0               ; 0               ; 0             ; 0                   ; 1                     ; 0                    ; 0                   ; 0                  ; 0                 ; 0              ; 1             ;
; ESTADO.ESCRIBIR_LCD          ; 0          ; 0           ; 0               ; 0                       ; 0               ; 0              ; 0                  ; 0                  ; 0                  ; 0                  ; 0                  ; 0                  ; 0                  ; 0                  ; 0              ; 0            ; 0            ; 0                            ; 0                          ; 0                ; 0                ; 0                 ; 0               ; 0               ; 0             ; 1                   ; 0                     ; 0                    ; 0                   ; 0                  ; 0                 ; 0              ; 1             ;
; ESTADO.ENABLE                ; 0          ; 0           ; 0               ; 0                       ; 0               ; 0              ; 0                  ; 0                  ; 0                  ; 0                  ; 0                  ; 0                  ; 0                  ; 0                  ; 0              ; 0            ; 0            ; 0                            ; 0                          ; 0                ; 0                ; 0                 ; 0               ; 0               ; 1             ; 0                   ; 0                     ; 0                    ; 0                   ; 0                  ; 0                 ; 0              ; 1             ;
; ESTADO.POSICION              ; 0          ; 0           ; 0               ; 0                       ; 0               ; 0              ; 0                  ; 0                  ; 0                  ; 0                  ; 0                  ; 0                  ; 0                  ; 0                  ; 0              ; 0            ; 0            ; 0                            ; 0                          ; 0                ; 0                ; 0                 ; 0               ; 1               ; 0             ; 0                   ; 0                     ; 0                    ; 0                   ; 0                  ; 0                 ; 0              ; 1             ;
; ESTADO.CD_SHIFT              ; 0          ; 0           ; 0               ; 0                       ; 0               ; 0              ; 0                  ; 0                  ; 0                  ; 0                  ; 0                  ; 0                  ; 0                  ; 0                  ; 0              ; 0            ; 0            ; 0                            ; 0                          ; 0                ; 0                ; 0                 ; 1               ; 0               ; 0             ; 0                   ; 0                     ; 0                    ; 0                   ; 0                  ; 0                 ; 0              ; 1             ;
; ESTADO.CHAR_ASCII            ; 0          ; 0           ; 0               ; 0                       ; 0               ; 0              ; 0                  ; 0                  ; 0                  ; 0                  ; 0                  ; 0                  ; 0                  ; 0                  ; 0              ; 0            ; 0            ; 0                            ; 0                          ; 0                ; 0                ; 1                 ; 0               ; 0               ; 0             ; 0                   ; 0                     ; 0                    ; 0                   ; 0                  ; 0                 ; 0              ; 1             ;
; ESTADO.BUCLE_INI             ; 0          ; 0           ; 0               ; 0                       ; 0               ; 0              ; 0                  ; 0                  ; 0                  ; 0                  ; 0                  ; 0                  ; 0                  ; 0                  ; 0              ; 0            ; 0            ; 0                            ; 0                          ; 0                ; 1                ; 0                 ; 0               ; 0               ; 0             ; 0                   ; 0                     ; 0                    ; 0                   ; 0                  ; 0                 ; 0              ; 1             ;
; ESTADO.BUCLE_FIN             ; 0          ; 0           ; 0               ; 0                       ; 0               ; 0              ; 0                  ; 0                  ; 0                  ; 0                  ; 0                  ; 0                  ; 0                  ; 0                  ; 0              ; 0            ; 0            ; 0                            ; 0                          ; 1                ; 0                ; 0                 ; 0               ; 0               ; 0             ; 0                   ; 0                     ; 0                    ; 0                   ; 0                  ; 0                 ; 0              ; 1             ;
; ESTADO.CORRIMIENTO_DERECHA   ; 0          ; 0           ; 0               ; 0                       ; 0               ; 0              ; 0                  ; 0                  ; 0                  ; 0                  ; 0                  ; 0                  ; 0                  ; 0                  ; 0              ; 0            ; 0            ; 0                            ; 1                          ; 0                ; 0                ; 0                 ; 0               ; 0               ; 0             ; 0                   ; 0                     ; 0                    ; 0                   ; 0                  ; 0                 ; 0              ; 1             ;
; ESTADO.CORRIMIENTO_IZQUIERDA ; 0          ; 0           ; 0               ; 0                       ; 0               ; 0              ; 0                  ; 0                  ; 0                  ; 0                  ; 0                  ; 0                  ; 0                  ; 0                  ; 0              ; 0            ; 0            ; 1                            ; 0                          ; 0                ; 0                ; 0                 ; 0               ; 0               ; 0             ; 0                   ; 0                     ; 0                    ; 0                   ; 0                  ; 0                 ; 0              ; 1             ;
; ESTADO.ENA_D                 ; 0          ; 0           ; 0               ; 0                       ; 0               ; 0              ; 0                  ; 0                  ; 0                  ; 0                  ; 0                  ; 0                  ; 0                  ; 0                  ; 0              ; 0            ; 1            ; 0                            ; 0                          ; 0                ; 0                ; 0                 ; 0               ; 0               ; 0             ; 0                   ; 0                     ; 0                    ; 0                   ; 0                  ; 0                 ; 0              ; 1             ;
; ESTADO.ENA_I                 ; 0          ; 0           ; 0               ; 0                       ; 0               ; 0              ; 0                  ; 0                  ; 0                  ; 0                  ; 0                  ; 0                  ; 0                  ; 0                  ; 0              ; 1            ; 0            ; 0                            ; 0                          ; 0                ; 0                ; 0                 ; 0               ; 0               ; 0             ; 0                   ; 0                     ; 0                    ; 0                   ; 0                  ; 0                 ; 0              ; 1             ;
; ESTADO.POS_RAM               ; 0          ; 0           ; 0               ; 0                       ; 0               ; 0              ; 0                  ; 0                  ; 0                  ; 0                  ; 0                  ; 0                  ; 0                  ; 0                  ; 1              ; 0            ; 0            ; 0                            ; 0                          ; 0                ; 0                ; 0                 ; 0               ; 0               ; 0             ; 0                   ; 0                     ; 0                    ; 0                   ; 0                  ; 0                 ; 0              ; 1             ;
; ESTADO.CREAR_CHAR1           ; 0          ; 0           ; 0               ; 0                       ; 0               ; 0              ; 0                  ; 0                  ; 0                  ; 0                  ; 0                  ; 0                  ; 0                  ; 1                  ; 0              ; 0            ; 0            ; 0                            ; 0                          ; 0                ; 0                ; 0                 ; 0               ; 0               ; 0             ; 0                   ; 0                     ; 0                    ; 0                   ; 0                  ; 0                 ; 0              ; 1             ;
; ESTADO.CREAR_CHAR2           ; 0          ; 0           ; 0               ; 0                       ; 0               ; 0              ; 0                  ; 0                  ; 0                  ; 0                  ; 0                  ; 0                  ; 1                  ; 0                  ; 0              ; 0            ; 0            ; 0                            ; 0                          ; 0                ; 0                ; 0                 ; 0               ; 0               ; 0             ; 0                   ; 0                     ; 0                    ; 0                   ; 0                  ; 0                 ; 0              ; 1             ;
; ESTADO.CREAR_CHAR3           ; 0          ; 0           ; 0               ; 0                       ; 0               ; 0              ; 0                  ; 0                  ; 0                  ; 0                  ; 0                  ; 1                  ; 0                  ; 0                  ; 0              ; 0            ; 0            ; 0                            ; 0                          ; 0                ; 0                ; 0                 ; 0               ; 0               ; 0             ; 0                   ; 0                     ; 0                    ; 0                   ; 0                  ; 0                 ; 0              ; 1             ;
; ESTADO.CREAR_CHAR4           ; 0          ; 0           ; 0               ; 0                       ; 0               ; 0              ; 0                  ; 0                  ; 0                  ; 0                  ; 1                  ; 0                  ; 0                  ; 0                  ; 0              ; 0            ; 0            ; 0                            ; 0                          ; 0                ; 0                ; 0                 ; 0               ; 0               ; 0             ; 0                   ; 0                     ; 0                    ; 0                   ; 0                  ; 0                 ; 0              ; 1             ;
; ESTADO.CREAR_CHAR5           ; 0          ; 0           ; 0               ; 0                       ; 0               ; 0              ; 0                  ; 0                  ; 0                  ; 1                  ; 0                  ; 0                  ; 0                  ; 0                  ; 0              ; 0            ; 0            ; 0                            ; 0                          ; 0                ; 0                ; 0                 ; 0               ; 0               ; 0             ; 0                   ; 0                     ; 0                    ; 0                   ; 0                  ; 0                 ; 0              ; 1             ;
; ESTADO.CREAR_CHAR6           ; 0          ; 0           ; 0               ; 0                       ; 0               ; 0              ; 0                  ; 0                  ; 1                  ; 0                  ; 0                  ; 0                  ; 0                  ; 0                  ; 0              ; 0            ; 0            ; 0                            ; 0                          ; 0                ; 0                ; 0                 ; 0               ; 0               ; 0             ; 0                   ; 0                     ; 0                    ; 0                   ; 0                  ; 0                 ; 0              ; 1             ;
; ESTADO.CREAR_CHAR7           ; 0          ; 0           ; 0               ; 0                       ; 0               ; 0              ; 0                  ; 1                  ; 0                  ; 0                  ; 0                  ; 0                  ; 0                  ; 0                  ; 0              ; 0            ; 0            ; 0                            ; 0                          ; 0                ; 0                ; 0                 ; 0               ; 0               ; 0             ; 0                   ; 0                     ; 0                    ; 0                   ; 0                  ; 0                 ; 0              ; 1             ;
; ESTADO.CREAR_CHAR8           ; 0          ; 0           ; 0               ; 0                       ; 0               ; 0              ; 1                  ; 0                  ; 0                  ; 0                  ; 0                  ; 0                  ; 0                  ; 0                  ; 0              ; 0            ; 0            ; 0                            ; 0                          ; 0                ; 0                ; 0                 ; 0               ; 0               ; 0             ; 0                   ; 0                     ; 0                    ; 0                   ; 0                  ; 0                 ; 0              ; 1             ;
; ESTADO.INT_NUM               ; 0          ; 0           ; 0               ; 0                       ; 0               ; 1              ; 0                  ; 0                  ; 0                  ; 0                  ; 0                  ; 0                  ; 0                  ; 0                  ; 0              ; 0            ; 0            ; 0                            ; 0                          ; 0                ; 0                ; 0                 ; 0               ; 0               ; 0             ; 0                   ; 0                     ; 0                    ; 0                   ; 0                  ; 0                 ; 0              ; 1             ;
; ESTADO.ENA_CHAR              ; 0          ; 0           ; 0               ; 0                       ; 1               ; 0              ; 0                  ; 0                  ; 0                  ; 0                  ; 0                  ; 0                  ; 0                  ; 0                  ; 0              ; 0            ; 0            ; 0                            ; 0                          ; 0                ; 0                ; 0                 ; 0               ; 0               ; 0             ; 0                   ; 0                     ; 0                    ; 0                   ; 0                  ; 0                 ; 0              ; 1             ;
; ESTADO.LIMPIAR_PANTALLA      ; 0          ; 0           ; 0               ; 1                       ; 0               ; 0              ; 0                  ; 0                  ; 0                  ; 0                  ; 0                  ; 0                  ; 0                  ; 0                  ; 0              ; 0            ; 0            ; 0                            ; 0                          ; 0                ; 0                ; 0                 ; 0               ; 0               ; 0             ; 0                   ; 0                     ; 0                    ; 0                   ; 0                  ; 0                 ; 0              ; 1             ;
; ESTADO.LEER_RAM              ; 0          ; 0           ; 1               ; 0                       ; 0               ; 0              ; 0                  ; 0                  ; 0                  ; 0                  ; 0                  ; 0                  ; 0                  ; 0                  ; 0              ; 0            ; 0            ; 0                            ; 0                          ; 0                ; 0                ; 0                 ; 0               ; 0               ; 0             ; 0                   ; 0                     ; 0                    ; 0                   ; 0                  ; 0                 ; 0              ; 1             ;
; ESTADO.NADA                  ; 0          ; 1           ; 0               ; 0                       ; 0               ; 0              ; 0                  ; 0                  ; 0                  ; 0                  ; 0                  ; 0                  ; 0                  ; 0                  ; 0              ; 0            ; 0            ; 0                            ; 0                          ; 0                ; 0                ; 0                 ; 0               ; 0               ; 0             ; 0                   ; 0                     ; 0                    ; 0                   ; 0                  ; 0                 ; 0              ; 1             ;
; ESTADO.FIN                   ; 1          ; 0           ; 0               ; 0                       ; 0               ; 0              ; 0                  ; 0                  ; 0                  ; 0                  ; 0                  ; 0                  ; 0                  ; 0                  ; 0              ; 0            ; 0            ; 0                            ; 0                          ; 0                ; 0                ; 0                 ; 0               ; 0               ; 0             ; 0                   ; 0                     ; 0                    ; 0                   ; 0                  ; 0                 ; 0              ; 1             ;
+------------------------------+------------+-------------+-----------------+-------------------------+-----------------+----------------+--------------------+--------------------+--------------------+--------------------+--------------------+--------------------+--------------------+--------------------+----------------+--------------+--------------+------------------------------+----------------------------+------------------+------------------+-------------------+-----------------+-----------------+---------------+---------------------+-----------------------+----------------------+---------------------+--------------------+-------------------+----------------+---------------+


+----------------------------------------------------------------------------------------------------------------+
; User-Specified and Inferred Latches                                                                            ;
+----------------------------------------------------+----------------------------------+------------------------+
; Latch Name                                         ; Latch Enable Signal              ; Free of Timing Hazards ;
+----------------------------------------------------+----------------------------------+------------------------+
; PROCESADOR_LCD_REVC:U1|DATA_A[0]                   ; PROCESADOR_LCD_REVC:U1|DATA_A[6] ; yes                    ;
; PROCESADOR_LCD_REVC:U1|DATA_A[1]                   ; PROCESADOR_LCD_REVC:U1|DATA_A[6] ; yes                    ;
; PROCESADOR_LCD_REVC:U1|DATA_A[2]                   ; PROCESADOR_LCD_REVC:U1|DATA_A[6] ; yes                    ;
; PROCESADOR_LCD_REVC:U1|DATA_A[3]                   ; PROCESADOR_LCD_REVC:U1|DATA_A[6] ; yes                    ;
; PROCESADOR_LCD_REVC:U1|DATA_A[4]                   ; PROCESADOR_LCD_REVC:U1|DATA_A[6] ; yes                    ;
; PROCESADOR_LCD_REVC:U1|DATA_A[5]                   ; PROCESADOR_LCD_REVC:U1|DATA_A[6] ; yes                    ;
; PROCESADOR_LCD_REVC:U1|DATA_A[6]                   ; PROCESADOR_LCD_REVC:U1|DATA_A[6] ; yes                    ;
; PROCESADOR_LCD_REVC:U1|DATA_A[7]                   ; PROCESADOR_LCD_REVC:U1|DATA_A[6] ; yes                    ;
; Number of user-specified and inferred latches = 8  ;                                  ;                        ;
+----------------------------------------------------+----------------------------------+------------------------+
Note: All latches listed above may not be present at the end of synthesis due to various synthesis optimizations.


+--------------------------------------------------------------------------------------------------------------------------------+
; Registers Removed During Synthesis                                                                                             ;
+---------------------------------------------------------------------+----------------------------------------------------------+
; Register name                                                       ; Reason for Removal                                       ;
+---------------------------------------------------------------------+----------------------------------------------------------+
; PROCESADOR_LCD_REVC:U1|DELAY_COR2[26..30]                           ; Stuck at GND due to stuck port data_in                   ;
; PROCESADOR_LCD_REVC:U1|RW                                           ; Stuck at GND due to stuck port data_in                   ;
; PROCESADOR_LCD_REVC:U1|VEC_C_CHAR[8]                                ; Merged with PROCESADOR_LCD_REVC:U1|VEC_C_CHAR[0]         ;
; PROCESADOR_LCD_REVC:U1|VEC_C_CHAR[4]                                ; Merged with PROCESADOR_LCD_REVC:U1|VEC_C_CHAR[3]         ;
; PROCESADOR_LCD_REVC:U1|VEC_C_CHAR[22]                               ; Merged with PROCESADOR_LCD_REVC:U1|VEC_C_CHAR[6]         ;
; PROCESADOR_LCD_REVC:U1|VEC_C_CHAR[24]                               ; Merged with PROCESADOR_LCD_REVC:U1|VEC_C_CHAR[9]         ;
; PROCESADOR_LCD_REVC:U1|VEC_C_CHAR[23,33]                            ; Merged with PROCESADOR_LCD_REVC:U1|VEC_C_CHAR[21]        ;
; PROCESADOR_LCD_REVC:U1|VEC_C_CHAR[31]                               ; Merged with PROCESADOR_LCD_REVC:U1|VEC_C_CHAR[28]        ;
; PROCESADOR_LCD_REVC:U1|VEC_C_CHAR[37,38]                            ; Merged with PROCESADOR_LCD_REVC:U1|VEC_C_CHAR[30]        ;
; PROCESADOR_LCD_REVC:U1|VEC_C_CHAR[39]                               ; Merged with PROCESADOR_LCD_REVC:U1|VEC_C_CHAR[35]        ;
; PROCESADOR_LCD_REVC:U1|VEC_RAM[5]                                   ; Merged with PROCESADOR_LCD_REVC:U1|VEC_C_CHAR[36]        ;
; PROCESADOR_LCD_REVC:U1|VEC_RAM[1,2,7]                               ; Merged with PROCESADOR_LCD_REVC:U1|VEC_RAM[0]            ;
; PROCESADOR_LCD_REVC:U1|VEC_SHIFT[1,5..7]                            ; Merged with PROCESADOR_LCD_REVC:U1|VEC_SHIFT[0]          ;
; PROCESADOR_LCD_REVC:U1|VEC_L_RAM[4..7]                              ; Merged with PROCESADOR_LCD_REVC:U1|VEC_L_RAM[3]          ;
; PROCESADOR_LCD_REVC:U1|BD_LCD[5..7]                                 ; Merged with PROCESADOR_LCD_REVC:U1|BD_LCD[4]             ;
; PROCESADOR_LCD_REVC:U1|VEC_SHIFT[0]                                 ; Stuck at GND due to stuck port data_in                   ;
; PROCESADOR_LCD_REVC:U1|DELAY_COR2[1..6,10..13,17,18,20,21,25]       ; Stuck at GND due to stuck port data_in                   ;
; PROCESADOR_LCD_REVC:U1|DELAY_COR2[7..9,14..16,19,22,23]             ; Merged with PROCESADOR_LCD_REVC:U1|DELAY_COR2[24]        ;
; PROCESADOR_LCD_REVC:U1|VEC_SHIFT[2..4]                              ; Stuck at GND due to stuck port data_in                   ;
; PROCESADOR_LCD_REVC:U1|VEC_L_RAM[0..3]                              ; Stuck at GND due to stuck port data_in                   ;
; PROCESADOR_LCD_REVC:U1|VEC_C_CHAR[0..3,5..7,9..21,25..30,32,34..36] ; Stuck at GND due to stuck port data_in                   ;
; PROCESADOR_LCD_REVC:U1|VEC_RAM[0,3,4,6]                             ; Stuck at GND due to stuck port data_in                   ;
; PROCESADOR_LCD_REVC:U1|VEC_ASCII[6]                                 ; Merged with PROCESADOR_LCD_REVC:U1|VEC_ASCII[7]          ;
; PROCESADOR_LCD_REVC:U1|VEC_ASCII[2]                                 ; Merged with PROCESADOR_LCD_REVC:U1|VEC_ASCII[4]          ;
; PROCESADOR_LCD_REVC:U1|VEC_POS[0..7]                                ; Stuck at GND due to stuck port clock_enable              ;
; PROCESADOR_LCD_REVC:U1|DELAY_COR2[0]                                ; Merged with PROCESADOR_LCD_REVC:U1|DELAY_COR2[24]        ;
; PROCESADOR_LCD_REVC:U1|ESTADO.ENABLE                                ; Merged with PROCESADOR_LCD_REVC:U1|ESTADO.CLEAR_DISPLAY2 ;
; PROCESADOR_LCD_REVC:U1|ESTADO.INT_NUM                               ; Merged with PROCESADOR_LCD_REVC:U1|ESTADO.CLEAR_DISPLAY2 ;
; PROCESADOR_LCD_REVC:U1|ESTADO.CD_SHIFT                              ; Merged with PROCESADOR_LCD_REVC:U1|ESTADO.BUCLE_FIN      ;
; PROCESADOR_LCD_REVC:U1|ESTADO.LEER_RAM                              ; Merged with PROCESADOR_LCD_REVC:U1|ESTADO.BUCLE_FIN      ;
; PROCESADOR_LCD_REVC:U1|ESTADO.POSICION                              ; Merged with PROCESADOR_LCD_REVC:U1|ESTADO.BUCLE_FIN      ;
; PROCESADOR_LCD_REVC:U1|ESTADO.CLEAR_DISPLAY2                        ; Stuck at GND due to stuck port data_in                   ;
; PROCESADOR_LCD_REVC:U1|DELAY_COR2[24]                               ; Merged with PROCESADOR_LCD_REVC:U1|DELAY_COR2[31]        ;
; PROCESADOR_LCD_REVC:U1|DIR_BI[6..10]                                ; Lost fanout                                              ;
; PROCESADOR_LCD_REVC:U1|INC_DIR_S[6..10]                             ; Lost fanout                                              ;
; PROCESADOR_LCD_REVC:U1|ESTADO.ENA_CHAR                              ; Stuck at GND due to stuck port data_in                   ;
; PROCESADOR_LCD_REVC:U1|BD_LCD[4]                                    ; Stuck at GND due to stuck port data_in                   ;
; Total Number of Removed Registers = 127                             ;                                                          ;
+---------------------------------------------------------------------+----------------------------------------------------------+


+-------------------------------------------------------------------------------------------------------------------+
; Removed Registers Triggering Further Register Optimizations                                                       ;
+----------------------------------------------+---------------------------+----------------------------------------+
; Register name                                ; Reason for Removal        ; Registers Removed due to This Register ;
+----------------------------------------------+---------------------------+----------------------------------------+
; PROCESADOR_LCD_REVC:U1|ESTADO.CLEAR_DISPLAY2 ; Stuck at GND              ; PROCESADOR_LCD_REVC:U1|BD_LCD[4]       ;
;                                              ; due to stuck port data_in ;                                        ;
; PROCESADOR_LCD_REVC:U1|DIR_BI[10]            ; Lost Fanouts              ; PROCESADOR_LCD_REVC:U1|INC_DIR_S[10]   ;
; PROCESADOR_LCD_REVC:U1|DIR_BI[9]             ; Lost Fanouts              ; PROCESADOR_LCD_REVC:U1|INC_DIR_S[9]    ;
; PROCESADOR_LCD_REVC:U1|DIR_BI[8]             ; Lost Fanouts              ; PROCESADOR_LCD_REVC:U1|INC_DIR_S[8]    ;
; PROCESADOR_LCD_REVC:U1|DIR_BI[7]             ; Lost Fanouts              ; PROCESADOR_LCD_REVC:U1|INC_DIR_S[7]    ;
; PROCESADOR_LCD_REVC:U1|DIR_BI[6]             ; Lost Fanouts              ; PROCESADOR_LCD_REVC:U1|INC_DIR_S[6]    ;
+----------------------------------------------+---------------------------+----------------------------------------+


+------------------------------------------------------+
; General Register Statistics                          ;
+----------------------------------------------+-------+
; Statistic                                    ; Value ;
+----------------------------------------------+-------+
; Total registers                              ; 107   ;
; Number of registers using Synchronous Clear  ; 0     ;
; Number of registers using Synchronous Load   ; 13    ;
; Number of registers using Asynchronous Clear ; 0     ;
; Number of registers using Asynchronous Load  ; 0     ;
; Number of registers using Clock Enable       ; 75    ;
; Number of registers using Preset             ; 0     ;
+----------------------------------------------+-------+


+------------------------------------------------------+
; Inverted Register Statistics                         ;
+--------------------------------------------+---------+
; Inverted Register                          ; Fan out ;
+--------------------------------------------+---------+
; PROCESADOR_LCD_REVC:U1|DELAY_COR2[31]      ; 4       ;
; PROCESADOR_LCD_REVC:U1|CONTA_DELAY_COR[0]  ; 2       ;
; PROCESADOR_LCD_REVC:U1|CONTA_DELAY_COR[31] ; 2       ;
; Total number of inverted registers = 3     ;         ;
+--------------------------------------------+---------+


+-------------------------------------------------------------------------------------------------------------------------------------------------------------------------------+
; Multiplexer Restructuring Statistics (Restructuring Performed)                                                                                                                ;
+--------------------+-----------+---------------+----------------------+------------------------+------------+-----------------------------------------------------------------+
; Multiplexer Inputs ; Bus Width ; Baseline Area ; Area if Restructured ; Saving if Restructured ; Registered ; Example Multiplexer Output                                      ;
+--------------------+-----------+---------------+----------------------+------------------------+------------+-----------------------------------------------------------------+
; 3:1                ; 16 bits   ; 32 LEs        ; 16 LEs               ; 16 LEs                 ; Yes        ; |LIB_LCD_INTESC_REVC|PROCESADOR_LCD_REVC:U1|CONTA_DELAY[6]      ;
; 3:1                ; 30 bits   ; 60 LEs        ; 30 LEs               ; 30 LEs                 ; Yes        ; |LIB_LCD_INTESC_REVC|PROCESADOR_LCD_REVC:U1|CONTA_DELAY_COR[14] ;
; 3:1                ; 2 bits    ; 4 LEs         ; 0 LEs                ; 4 LEs                  ; Yes        ; |LIB_LCD_INTESC_REVC|PROCESADOR_LCD_REVC:U1|VEC_POS[0]          ;
; 3:1                ; 6 bits    ; 12 LEs        ; 6 LEs                ; 6 LEs                  ; Yes        ; |LIB_LCD_INTESC_REVC|PROCESADOR_LCD_REVC:U1|VEC_POS[7]          ;
; 3:1                ; 7 bits    ; 14 LEs        ; 14 LEs               ; 0 LEs                  ; Yes        ; |LIB_LCD_INTESC_REVC|PROCESADOR_LCD_REVC:U1|VEC_CHAR[6]         ;
; 5:1                ; 11 bits   ; 33 LEs        ; 11 LEs               ; 22 LEs                 ; Yes        ; |LIB_LCD_INTESC_REVC|PROCESADOR_LCD_REVC:U1|INC_DIR_S[8]        ;
; 3:1                ; 2 bits    ; 4 LEs         ; 2 LEs                ; 2 LEs                  ; Yes        ; |LIB_LCD_INTESC_REVC|PROCESADOR_LCD_REVC:U1|CONTA_DELAY_COR[0]  ;
; 4:1                ; 44 bits   ; 88 LEs        ; 88 LEs               ; 0 LEs                  ; No         ; |LIB_LCD_INTESC_REVC|PROCESADOR_LCD_REVC:U1|ESTADO              ;
; 6:1                ; 2 bits    ; 8 LEs         ; 4 LEs                ; 4 LEs                  ; No         ; |LIB_LCD_INTESC_REVC|PROCESADOR_LCD_REVC:U1|DATA_A[6]           ;
; 8:1                ; 3 bits    ; 15 LEs        ; 12 LEs               ; 3 LEs                  ; No         ; |LIB_LCD_INTESC_REVC|PROCESADOR_LCD_REVC:U1|DATA_A[1]           ;
; 8:1                ; 3 bits    ; 15 LEs        ; 12 LEs               ; 3 LEs                  ; No         ; |LIB_LCD_INTESC_REVC|PROCESADOR_LCD_REVC:U1|DATA_A[4]           ;
; 22:1               ; 6 bits    ; 84 LEs        ; 36 LEs               ; 48 LEs                 ; No         ; |LIB_LCD_INTESC_REVC|PROCESADOR_LCD_REVC:U1|DATA[2]             ;
+--------------------+-----------+---------------+----------------------+------------------------+------------+-----------------------------------------------------------------+


+---------------------------------------------------------------------------------------------------------------------------+
; Port Connectivity Checks: "PROCESADOR_LCD_REVC:U1"                                                                        ;
+-----------------+--------+----------+-------------------------------------------------------------------------------------+
; Port            ; Type   ; Severity ; Details                                                                             ;
+-----------------+--------+----------+-------------------------------------------------------------------------------------+
; inc_dir[10..6]  ; Output ; Info     ; Connected to dangling logic. Logic that only feeds a dangling port will be removed. ;
; delay_cor[4..3] ; Input  ; Info     ; Stuck at VCC                                                                        ;
; delay_cor[8..7] ; Input  ; Info     ; Stuck at GND                                                                        ;
; delay_cor[2..0] ; Input  ; Info     ; Stuck at GND                                                                        ;
; delay_cor[9]    ; Input  ; Info     ; Stuck at VCC                                                                        ;
; delay_cor[6]    ; Input  ; Info     ; Stuck at VCC                                                                        ;
; delay_cor[5]    ; Input  ; Info     ; Stuck at GND                                                                        ;
+-----------------+--------+----------+-------------------------------------------------------------------------------------+


+-------------------------------+
; Elapsed Time Per Partition    ;
+----------------+--------------+
; Partition Name ; Elapsed Time ;
+----------------+--------------+
; Top            ; 00:00:01     ;
+----------------+--------------+


+-------------------------------+
; Analysis & Synthesis Messages ;
+-------------------------------+
Info: *******************************************************************
Info: Running Quartus II 64-Bit Analysis & Synthesis
    Info: Version 13.1.0 Build 162 10/23/2013 SJ Web Edition
    Info: Processing started: Fri Apr 26 15:37:06 2024
Info: Command: quartus_map --read_settings_files=on --write_settings_files=off LIB_LCD_INTESC_REVC -c LIB_LCD_INTESC_REVC
Info (11104): Parallel Compilation has detected 8 hyper-threaded processors. However, the extra hyper-threaded processors will not be used by default. Parallel Compilation will use 4 of the 4 physical processors detected instead.
Info (12021): Found 2 design units, including 1 entities, in source file /users/dell/documents/vhdl/parcial2-grupal/carpetaprincipallcd/procesador_lcd_revc/procesador_lcd_revc.vhd
    Info (12022): Found design unit 1: PROCESADOR_LCD_REVC-Behavioral
    Info (12023): Found entity 1: PROCESADOR_LCD_REVC
Info (12021): Found 2 design units, including 1 entities, in source file /users/dell/documents/vhdl/parcial2-grupal/carpetaprincipallcd/caracteres_especiales_revc/caracteres_especiales_revc.vhd
    Info (12022): Found design unit 1: CARACTERES_ESPECIALES_REVC-Behavioral
    Info (12023): Found entity 1: CARACTERES_ESPECIALES_REVC
Info (12021): Found 2 design units, including 0 entities, in source file /users/dell/documents/vhdl/parcial2-grupal/carpetaprincipallcd/comandos_lcd_revc/comandos_lcd_revc.vhd
    Info (12022): Found design unit 1: COMANDOS_LCD_REVC
    Info (12022): Found design unit 2: COMANDOS_LCD_REVC-body
Info (12021): Found 2 design units, including 1 entities, in source file lib_lcd_intesc_revc.vhd
    Info (12022): Found design unit 1: LIB_LCD_INTESC_REVC-Behavioral
    Info (12023): Found entity 1: LIB_LCD_INTESC_REVC
Info (12127): Elaborating entity "LIB_LCD_INTESC_REVC" for the top level hierarchy
Warning (10873): Using initial value X (don't care) for net "INST[7..60]" at LIB_LCD_INTESC_REVC.vhd(39)
Info (12128): Elaborating entity "PROCESADOR_LCD_REVC" for hierarchy "PROCESADOR_LCD_REVC:U1"
Warning (10036): Verilog HDL or VHDL warning at PROCESADOR_LCD_REVC.vhd(48): object "VEC_S_CHAR" assigned a value but never read
Warning (10492): VHDL Process Statement warning at PROCESADOR_LCD_REVC.vhd(789): signal "VECTOR_MEM" is read inside the Process Statement but isn't in the Process Statement's sensitivity list
Warning (10492): VHDL Process Statement warning at PROCESADOR_LCD_REVC.vhd(791): signal "VECTOR_MEM" is read inside the Process Statement but isn't in the Process Statement's sensitivity list
Warning (10492): VHDL Process Statement warning at PROCESADOR_LCD_REVC.vhd(793): signal "VECTOR_MEM" is read inside the Process Statement but isn't in the Process Statement's sensitivity list
Warning (10492): VHDL Process Statement warning at PROCESADOR_LCD_REVC.vhd(808): signal "VEC_CHAR" is read inside the Process Statement but isn't in the Process Statement's sensitivity list
Warning (10492): VHDL Process Statement warning at PROCESADOR_LCD_REVC.vhd(809): signal "VEC_CHAR" is read inside the Process Statement but isn't in the Process Statement's sensitivity list
Warning (10492): VHDL Process Statement warning at PROCESADOR_LCD_REVC.vhd(811): signal "VEC_POS" is read inside the Process Statement but isn't in the Process Statement's sensitivity list
Warning (10492): VHDL Process Statement warning at PROCESADOR_LCD_REVC.vhd(812): signal "VEC_POS" is read inside the Process Statement but isn't in the Process Statement's sensitivity list
Warning (10492): VHDL Process Statement warning at PROCESADOR_LCD_REVC.vhd(814): signal "VEC_SHIFT" is read inside the Process Statement but isn't in the Process Statement's sensitivity list
Warning (10492): VHDL Process Statement warning at PROCESADOR_LCD_REVC.vhd(815): signal "VEC_SHIFT" is read inside the Process Statement but isn't in the Process Statement's sensitivity list
Warning (10492): VHDL Process Statement warning at PROCESADOR_LCD_REVC.vhd(817): signal "VEC_ASCII" is read inside the Process Statement but isn't in the Process Statement's sensitivity list
Warning (10492): VHDL Process Statement warning at PROCESADOR_LCD_REVC.vhd(818): signal "VEC_ASCII" is read inside the Process Statement but isn't in the Process Statement's sensitivity list
Warning (10492): VHDL Process Statement warning at PROCESADOR_LCD_REVC.vhd(826): signal "VEC_RAM" is read inside the Process Statement but isn't in the Process Statement's sensitivity list
Warning (10492): VHDL Process Statement warning at PROCESADOR_LCD_REVC.vhd(827): signal "VEC_RAM" is read inside the Process Statement but isn't in the Process Statement's sensitivity list
Warning (10492): VHDL Process Statement warning at PROCESADOR_LCD_REVC.vhd(830): signal "VEC_C_CHAR" is read inside the Process Statement but isn't in the Process Statement's sensitivity list
Warning (10492): VHDL Process Statement warning at PROCESADOR_LCD_REVC.vhd(831): signal "VEC_C_CHAR" is read inside the Process Statement but isn't in the Process Statement's sensitivity list
Warning (10492): VHDL Process Statement warning at PROCESADOR_LCD_REVC.vhd(834): signal "VEC_C_CHAR" is read inside the Process Statement but isn't in the Process Statement's sensitivity list
Warning (10492): VHDL Process Statement warning at PROCESADOR_LCD_REVC.vhd(835): signal "VEC_C_CHAR" is read inside the Process Statement but isn't in the Process Statement's sensitivity list
Warning (10492): VHDL Process Statement warning at PROCESADOR_LCD_REVC.vhd(838): signal "VEC_C_CHAR" is read inside the Process Statement but isn't in the Process Statement's sensitivity list
Warning (10492): VHDL Process Statement warning at PROCESADOR_LCD_REVC.vhd(839): signal "VEC_C_CHAR" is read inside the Process Statement but isn't in the Process Statement's sensitivity list
Warning (10492): VHDL Process Statement warning at PROCESADOR_LCD_REVC.vhd(842): signal "VEC_C_CHAR" is read inside the Process Statement but isn't in the Process Statement's sensitivity list
Warning (10492): VHDL Process Statement warning at PROCESADOR_LCD_REVC.vhd(843): signal "VEC_C_CHAR" is read inside the Process Statement but isn't in the Process Statement's sensitivity list
Warning (10492): VHDL Process Statement warning at PROCESADOR_LCD_REVC.vhd(846): signal "VEC_C_CHAR" is read inside the Process Statement but isn't in the Process Statement's sensitivity list
Warning (10492): VHDL Process Statement warning at PROCESADOR_LCD_REVC.vhd(847): signal "VEC_C_CHAR" is read inside the Process Statement but isn't in the Process Statement's sensitivity list
Warning (10492): VHDL Process Statement warning at PROCESADOR_LCD_REVC.vhd(850): signal "VEC_C_CHAR" is read inside the Process Statement but isn't in the Process Statement's sensitivity list
Warning (10492): VHDL Process Statement warning at PROCESADOR_LCD_REVC.vhd(851): signal "VEC_C_CHAR" is read inside the Process Statement but isn't in the Process Statement's sensitivity list
Warning (10492): VHDL Process Statement warning at PROCESADOR_LCD_REVC.vhd(854): signal "VEC_C_CHAR" is read inside the Process Statement but isn't in the Process Statement's sensitivity list
Warning (10492): VHDL Process Statement warning at PROCESADOR_LCD_REVC.vhd(855): signal "VEC_C_CHAR" is read inside the Process Statement but isn't in the Process Statement's sensitivity list
Warning (10492): VHDL Process Statement warning at PROCESADOR_LCD_REVC.vhd(858): signal "VEC_C_CHAR" is read inside the Process Statement but isn't in the Process Statement's sensitivity list
Warning (10492): VHDL Process Statement warning at PROCESADOR_LCD_REVC.vhd(859): signal "VEC_C_CHAR" is read inside the Process Statement but isn't in the Process Statement's sensitivity list
Warning (10492): VHDL Process Statement warning at PROCESADOR_LCD_REVC.vhd(862): signal "VEC_L_RAM" is read inside the Process Statement but isn't in the Process Statement's sensitivity list
Warning (10492): VHDL Process Statement warning at PROCESADOR_LCD_REVC.vhd(863): signal "VEC_L_RAM" is read inside the Process Statement but isn't in the Process Statement's sensitivity list
Warning (10492): VHDL Process Statement warning at PROCESADOR_LCD_REVC.vhd(866): signal "DATA_A" is read inside the Process Statement but isn't in the Process Statement's sensitivity list
Warning (10631): VHDL Process Statement warning at PROCESADOR_LCD_REVC.vhd(786): inferring latch(es) for signal or variable "DATA_A", which holds its previous value in one or more paths through the process
Info (10041): Inferred latch for "DATA_A[0]" at PROCESADOR_LCD_REVC.vhd(786)
Info (10041): Inferred latch for "DATA_A[1]" at PROCESADOR_LCD_REVC.vhd(786)
Info (10041): Inferred latch for "DATA_A[2]" at PROCESADOR_LCD_REVC.vhd(786)
Info (10041): Inferred latch for "DATA_A[3]" at PROCESADOR_LCD_REVC.vhd(786)
Info (10041): Inferred latch for "DATA_A[4]" at PROCESADOR_LCD_REVC.vhd(786)
Info (10041): Inferred latch for "DATA_A[5]" at PROCESADOR_LCD_REVC.vhd(786)
Info (10041): Inferred latch for "DATA_A[6]" at PROCESADOR_LCD_REVC.vhd(786)
Info (10041): Inferred latch for "DATA_A[7]" at PROCESADOR_LCD_REVC.vhd(786)
Info (12128): Elaborating entity "CARACTERES_ESPECIALES_REVC" for hierarchy "CARACTERES_ESPECIALES_REVC:U2"
Warning (13012): Latch PROCESADOR_LCD_REVC:U1|DATA_A[0] has unsafe behavior
    Warning (13013): Ports D and ENA on the latch are fed by the same signal PROCESADOR_LCD_REVC:U1|ESTADO.CLEAR_DISPLAY
Warning (13012): Latch PROCESADOR_LCD_REVC:U1|DATA_A[1] has unsafe behavior
    Warning (13013): Ports D and ENA on the latch are fed by the same signal PROCESADOR_LCD_REVC:U1|ESTADO.CLEAR_DISPLAY
Warning (13012): Latch PROCESADOR_LCD_REVC:U1|DATA_A[2] has unsafe behavior
    Warning (13013): Ports D and ENA on the latch are fed by the same signal PROCESADOR_LCD_REVC:U1|ESTADO.BUCLE_FIN
Warning (13012): Latch PROCESADOR_LCD_REVC:U1|DATA_A[3] has unsafe behavior
    Warning (13013): Ports D and ENA on the latch are fed by the same signal PROCESADOR_LCD_REVC:U1|ESTADO.BUCLE_FIN
Warning (13012): Latch PROCESADOR_LCD_REVC:U1|DATA_A[4] has unsafe behavior
    Warning (13013): Ports D and ENA on the latch are fed by the same signal PROCESADOR_LCD_REVC:U1|ESTADO.BUCLE_FIN
Warning (13012): Latch PROCESADOR_LCD_REVC:U1|DATA_A[5] has unsafe behavior
    Warning (13013): Ports D and ENA on the latch are fed by the same signal PROCESADOR_LCD_REVC:U1|ESTADO.BUCLE_FIN
Warning (13012): Latch PROCESADOR_LCD_REVC:U1|DATA_A[6] has unsafe behavior
    Warning (13013): Ports D and ENA on the latch are fed by the same signal PROCESADOR_LCD_REVC:U1|ESTADO.BUCLE_FIN
Warning (13012): Latch PROCESADOR_LCD_REVC:U1|DATA_A[7] has unsafe behavior
    Warning (13013): Ports D and ENA on the latch are fed by the same signal PROCESADOR_LCD_REVC:U1|ESTADO.BUCLE_FIN
Warning (13024): Output pins are stuck at VCC or GND
    Warning (13410): Pin "RW" is stuck at GND
    Warning (13410): Pin "BLCD[4]" is stuck at GND
    Warning (13410): Pin "BLCD[5]" is stuck at GND
    Warning (13410): Pin "BLCD[6]" is stuck at GND
    Warning (13410): Pin "BLCD[7]" is stuck at GND
Info (286030): Timing-Driven Synthesis is running
Info (17049): 10 registers lost all their fanouts during netlist optimizations.
Info (16010): Generating hard_block partition "hard_block:auto_generated_inst"
    Info (16011): Adding 0 node(s), including 0 DDIO, 0 PLL, 0 transceiver and 0 LCELL
Info (21057): Implemented 355 device resources after synthesis - the final resource count might be different
    Info (21058): Implemented 3 input pins
    Info (21059): Implemented 19 output pins
    Info (21061): Implemented 333 logic cells
Info: Quartus II 64-Bit Analysis & Synthesis was successful. 0 errors, 57 warnings
    Info: Peak virtual memory: 4672 megabytes
    Info: Processing ended: Fri Apr 26 15:37:08 2024
    Info: Elapsed time: 00:00:02
    Info: Total CPU time (on all processors): 00:00:01


